#
# There is insufficient memory for the Java Runtime Environment to continue.
# Native memory allocation (mmap) failed to map 1073741824 bytes. Error detail: committing reserved memory.
# Possible reasons:
#   The system is out of physical RAM or swap space
#   This process is running with CompressedOops enabled, and the Java Heap may be blocking the growth of the native heap
# Possible solutions:
#   Reduce memory load on the system
#   Increase physical memory or swap space
#   Check if swap backing store is full
#   Decrease Java heap size (-Xmx/-Xms)
#   Decrease number of Java threads
#   Decrease Java thread stack sizes (-Xss)
#   Set larger code cache with -XX:ReservedCodeCacheSize=
#   JVM is running with Unscaled Compressed Oops mode in which the Java heap is
#     placed in the first 4GB address space. The Java Heap base address is the
#     maximum limit for the native heap growth. Please use -XX:HeapBaseMinAddress
#     to set the Java Heap base and to place the Java Heap above 4GB virtual address.
# This output file may be truncated or incomplete.
#
#  Out of Memory Error (os_linux.cpp:2829), pid=5101, tid=5453
#
# JRE version:  (21.0.9+10) (build )
# Java VM: OpenJDK 64-Bit Server VM (21.0.9+10-Ubuntu-124.04, mixed mode, sharing, tiered, compressed oops, compressed class ptrs, g1 gc, linux-amd64)
# Core dump will be written. Default location: Core dumps may be processed with "/usr/share/apport/apport -p%p -s%s -c%c -d%d -P%P -u%u -g%g -F%F -- %E" (or dumping to /root/kafka_2.13-4.0.0/core.5101)
#

---------------  S U M M A R Y ------------

Command Line: -Xmx1G -Xms1G -XX:+UseG1GC -XX:MaxGCPauseMillis=20 -XX:InitiatingHeapOccupancyPercent=35 -XX:+ExplicitGCInvokesConcurrent -XX:MaxInlineLevel=15 -Djava.awt.headless=true -Xlog:gc*:file=/root/kafka_2.13-4.0.0/bin/../logs/kafkaServer-gc.log:time,tags:filecount=10,filesize=100M -Dcom.sun.management.jmxremote=true -Dcom.sun.management.jmxremote.authenticate=false -Dcom.sun.management.jmxremote.ssl=false -Dkafka.logs.dir=/root/kafka_2.13-4.0.0/bin/../logs -Dlog4j2.configurationFile=bin/../config/log4j2.yaml kafka.Kafka config/server.properties

Host: Intel(R) Xeon(R) CPU E5-2686 v4 @ 2.30GHz, 15 cores, 957M, Ubuntu 24.04.3 LTS
Time: Sun Dec  7 21:20:41 2025 UTC elapsed time: 0.009189 seconds (0d 0h 0m 0s)

---------------  T H R E A D  ---------------

Current thread (0x000073887401c840):  JavaThread "Unknown thread" [_thread_in_vm, id=5453, stack(0x000073887a100000,0x000073887a200000) (1024K)]

Stack: [0x000073887a100000,0x000073887a200000],  sp=0x000073887a1fe500,  free space=1017k
Native frames: (J=compiled Java code, j=interpreted, Vv=VM code, C=native code)
V  [libjvm.so+0x101acdb]  VMError::report_and_die(int, char const*, char const*, __va_list_tag*, Thread*, unsigned char*, void*, void*, char const*, int, unsigned long)+0x27b  (os_linux.cpp:2829)
V  [libjvm.so+0x101b741]
V  [libjvm.so+0x6b3901]
V  [libjvm.so+0xd0227d]  os::pd_commit_memory_or_exit(char*, unsigned long, unsigned long, bool, char const*)+0xdd
V  [libjvm.so+0xcfba9f]  os::commit_memory_or_exit(char*, unsigned long, unsigned long, bool, char const*)+0x1f
V  [libjvm.so+0x814dbb]  G1PageBasedVirtualSpace::commit(unsigned long, unsigned long)+0x5b
V  [libjvm.so+0x82b43b]  G1RegionsLargerThanCommitSizeMapper::commit_regions(unsigned int, unsigned long, WorkerThreads*)+0xab
V  [libjvm.so+0x8bc16a]  HeapRegionManager::commit_regions(unsigned int, unsigned long, WorkerThreads*)+0x5a
V  [libjvm.so+0x8bde0f]  HeapRegionManager::expand(unsigned int, unsigned int, WorkerThreads*)+0x2f
V  [libjvm.so+0x8be025]  HeapRegionManager::expand_by(unsigned int, WorkerThreads*)+0x75
V  [libjvm.so+0x7ca53c]  G1CollectedHeap::expand(unsigned long, WorkerThreads*, double*)+0xfc
V  [libjvm.so+0x7caad3]  G1CollectedHeap::initialize()+0x543
V  [libjvm.so+0xfbd6a9]  universe_init()+0xd9
V  [libjvm.so+0x8dc2da]  init_globals()+0x3a
V  [libjvm.so+0xf9c668]  Threads::create_vm(JavaVMInitArgs*, bool*)+0x278
V  [libjvm.so+0x9b6863]  JNI_CreateJavaVM+0x53
C  [libjli.so+0x4673]  JavaMain+0x93
C  [libjli.so+0x846d]  ThreadJavaMain+0xd
C  [libc.so.6+0x9caa4]

---------------  P R O C E S S  ---------------

Threads class SMR info:
_java_thread_list=0x000073887b74e120, length=0, elements={
}

Java Threads: ( => current thread )
Total: 0

Other Threads:
  0x0000738874058520 WorkerThread "GC Thread#0"                     [id=5454, stack(0x0000738879a29000,0x0000738879b29000) (1024K)]
  0x0000738874061af0 ConcurrentGCThread "G1 Main Marker"            [id=5455, stack(0x0000738878500000,0x0000738878600000) (1024K)]
  0x0000738874062aa0 WorkerThread "G1 Conc#0"                       [id=5456, stack(0x00007388783ff000,0x00007388784ff000) (1024K)]

[error occurred during error reporting (printing all threads), id 0xb, SIGSEGV (0xb) at pc=0x000073887a9e5904]
VM state: not at safepoint (not fully initialized)

VM Mutex/Monitor currently owned by a thread:  ([mutex/lock_event])
[0x000073887b727d98] Heap_lock - owner thread: 0x000073887401c840

Heap address: 0x00000000c0000000, size: 1024 MB, Compressed Oops mode: 32-bit

CDS archive(s) mapped at: [0x0000000000000000-0x0000000000000000-0x0000000000000000), size 0, SharedBaseAddress: 0x0000000800000000, ArchiveRelocationMode: 1.
Narrow klass base: 0x0000000000000000, Narrow klass shift: 0, Narrow klass range: 0x0

GC Precious Log:
 CardTable entry size: 512
 Card Set container configuration: InlinePtr #cards 5 size 8 Array Of Cards #cards 12 size 40 Howl #buckets 4 coarsen threshold 1843 Howl Bitmap #cards 512 size 80 coarsen threshold 460 Card regions per heap region 1 cards per card region 2048

Heap:
 garbage-first heap   total 0K, used 0K [0x00000000c0000000, 0x0000000100000000)
  region size 1024K, 0 young (0K), 0 survivors (0K)

[error occurred during error reporting (printing heap information), id 0xb, SIGSEGV (0xb) at pc=0x000073887afae80e]
GC Heap History (0 events):
No events

Dll operation events (1 events):
Event: 0.004 Loaded shared library /usr/lib/jvm/java-21-openjdk-amd64/lib/libjava.so

Deoptimization events (0 events):
No events

Classes loaded (0 events):
No events

Classes unloaded (0 events):
No events

Classes redefined (0 events):
No events

Internal exceptions (0 events):
No events

ZGC Phase Switch (0 events):
No events

VM Operations (0 events):
No events

Memory protections (1 events):
Event: 0.004 Protecting memory [0x000073887a100000,0x000073887a104000] with protection modes 0

Nmethod flushes (0 events):
No events

Events (0 events):
No events


Dynamic libraries:
c0000000-100000000 ---p 00000000 00:00 0 
5748a3573000-5748a3574000 r--p 00000000 ca:01 276625                     /usr/lib/jvm/java-21-openjdk-amd64/bin/java
5748a3574000-5748a3575000 r-xp 00001000 ca:01 276625                     /usr/lib/jvm/java-21-openjdk-amd64/bin/java
5748a3575000-5748a3576000 r--p 00002000 ca:01 276625                     /usr/lib/jvm/java-21-openjdk-amd64/bin/java
5748a3576000-5748a3577000 r--p 00002000 ca:01 276625                     /usr/lib/jvm/java-21-openjdk-amd64/bin/java
5748a3577000-5748a3578000 rw-p 00003000 ca:01 276625                     /usr/lib/jvm/java-21-openjdk-amd64/bin/java
5748c8b5a000-5748c8ba3000 rw-p 00000000 00:00 0                          [heap]
73884e000000-738850021000 rw-p 00000000 00:00 0 
738850021000-738854000000 ---p 00000000 00:00 0 
738854000000-738854021000 rw-p 00000000 00:00 0 
738854021000-738858000000 ---p 00000000 00:00 0 
738858000000-738858021000 rw-p 00000000 00:00 0 
738858021000-73885c000000 ---p 00000000 00:00 0 
73885c51c000-73885c800000 rw-p 00000000 00:00 0 
73885c800000-73885ca70000 rwxp 00000000 00:00 0 
73885ca70000-738863d38000 ---p 00000000 00:00 0 
738863d38000-738863fa8000 rwxp 00000000 00:00 0 
738863fa8000-7388642c7000 ---p 00000000 00:00 0 
7388642c7000-738864537000 rwxp 00000000 00:00 0 
738864537000-73886b800000 ---p 00000000 00:00 0 
73886b800000-738873e34000 r--s 00000000 ca:01 276775                     /usr/lib/jvm/java-21-openjdk-amd64/lib/modules
738874000000-738874091000 rw-p 00000000 00:00 0 
738874091000-738878000000 ---p 00000000 00:00 0 
73887817b000-7388783fe000 rw-p 00000000 00:00 0 
7388783fe000-7388783ff000 ---p 00000000 00:00 0 
7388783ff000-7388784ff000 rw-p 00000000 00:00 0 
7388784ff000-738878500000 ---p 00000000 00:00 0 
738878500000-738878600000 rw-p 00000000 00:00 0 
738878600000-738879a00000 ---p 00000000 00:00 0 
738879a28000-738879a29000 ---p 00000000 00:00 0 
738879a29000-738879b29000 rw-p 00000000 00:00 0 
738879b29000-738879c2f000 rw-p 00000000 00:00 0 
738879c2f000-738879d15000 ---p 00000000 00:00 0 
738879d15000-738879d1a000 rw-p 00000000 00:00 0 
738879d1a000-738879e00000 ---p 00000000 00:00 0 
738879e00000-738879e9d000 r--p 00000000 ca:01 5171                       /usr/lib/x86_64-linux-gnu/libstdc++.so.6.0.33
738879e9d000-738879fe5000 r-xp 0009d000 ca:01 5171                       /usr/lib/x86_64-linux-gnu/libstdc++.so.6.0.33
738879fe5000-73887a06c000 r--p 001e5000 ca:01 5171                       /usr/lib/x86_64-linux-gnu/libstdc++.so.6.0.33
73887a06c000-73887a077000 r--p 0026b000 ca:01 5171                       /usr/lib/x86_64-linux-gnu/libstdc++.so.6.0.33
73887a077000-73887a07a000 rw-p 00276000 ca:01 5171                       /usr/lib/x86_64-linux-gnu/libstdc++.so.6.0.33
73887a07a000-73887a07e000 rw-p 00000000 00:00 0 
73887a100000-73887a104000 ---p 00000000 00:00 0 
73887a104000-73887a200000 rw-p 00000000 00:00 0 
73887a200000-73887a4a2000 r--p 00000000 ca:01 276781                     /usr/lib/jvm/java-21-openjdk-amd64/lib/server/libjvm.so
73887a4a2000-73887b318000 r-xp 002a2000 ca:01 276781                     /usr/lib/jvm/java-21-openjdk-amd64/lib/server/libjvm.so
73887b318000-73887b5f2000 r--p 01118000 ca:01 276781                     /usr/lib/jvm/java-21-openjdk-amd64/lib/server/libjvm.so
73887b5f2000-73887b6c6000 r--p 013f2000 ca:01 276781                     /usr/lib/jvm/java-21-openjdk-amd64/lib/server/libjvm.so
73887b6c6000-73887b6f6000 rw-p 014c6000 ca:01 276781                     /usr/lib/jvm/java-21-openjdk-amd64/lib/server/libjvm.so
73887b6f6000-73887b75c000 rw-p 00000000 00:00 0 
73887b777000-73887b79f000 rw-p 00000000 00:00 0 
73887b79f000-73887b7a6000 ---p 00000000 00:00 0 
73887b7a6000-73887b7b3000 r--p 00000000 ca:01 276752                     /usr/lib/jvm/java-21-openjdk-amd64/lib/libjava.so
73887b7b3000-73887b7c2000 r-xp 0000d000 ca:01 276752                     /usr/lib/jvm/java-21-openjdk-amd64/lib/libjava.so
73887b7c2000-73887b7c7000 r--p 0001c000 ca:01 276752                     /usr/lib/jvm/java-21-openjdk-amd64/lib/libjava.so
73887b7c7000-73887b7c8000 r--p 00021000 ca:01 276752                     /usr/lib/jvm/java-21-openjdk-amd64/lib/libjava.so
73887b7c8000-73887b7c9000 rw-p 00022000 ca:01 276752                     /usr/lib/jvm/java-21-openjdk-amd64/lib/libjava.so
73887b7c9000-73887b7ca000 rw-p 00000000 00:00 0 
73887b7ca000-73887b7d2000 rw-s 00000000 ca:01 262793                     /tmp/hsperfdata_root/5101
73887b7d2000-73887b7d6000 r--p 00000000 ca:01 6388                       /usr/lib/x86_64-linux-gnu/libgcc_s.so.1
73887b7d6000-73887b7fa000 r-xp 00004000 ca:01 6388                       /usr/lib/x86_64-linux-gnu/libgcc_s.so.1
73887b7fa000-73887b7fe000 r--p 00028000 ca:01 6388                       /usr/lib/x86_64-linux-gnu/libgcc_s.so.1
73887b7fe000-73887b7ff000 r--p 0002b000 ca:01 6388                       /usr/lib/x86_64-linux-gnu/libgcc_s.so.1
73887b7ff000-73887b800000 rw-p 0002c000 ca:01 6388                       /usr/lib/x86_64-linux-gnu/libgcc_s.so.1
73887b800000-73887b828000 r--p 00000000 ca:01 6408                       /usr/lib/x86_64-linux-gnu/libc.so.6
73887b828000-73887b9b0000 r-xp 00028000 ca:01 6408                       /usr/lib/x86_64-linux-gnu/libc.so.6
73887b9b0000-73887b9ff000 r--p 001b0000 ca:01 6408                       /usr/lib/x86_64-linux-gnu/libc.so.6
73887b9ff000-73887ba03000 r--p 001fe000 ca:01 6408                       /usr/lib/x86_64-linux-gnu/libc.so.6
73887ba03000-73887ba05000 rw-p 00202000 ca:01 6408                       /usr/lib/x86_64-linux-gnu/libc.so.6
73887ba05000-73887ba12000 rw-p 00000000 00:00 0 
73887ba13000-73887ba15000 r--p 00000000 ca:01 276755                     /usr/lib/jvm/java-21-openjdk-amd64/lib/libjimage.so
73887ba15000-73887ba18000 r-xp 00002000 ca:01 276755                     /usr/lib/jvm/java-21-openjdk-amd64/lib/libjimage.so
73887ba18000-73887ba19000 r--p 00005000 ca:01 276755                     /usr/lib/jvm/java-21-openjdk-amd64/lib/libjimage.so
73887ba19000-73887ba1a000 r--p 00006000 ca:01 276755                     /usr/lib/jvm/java-21-openjdk-amd64/lib/libjimage.so
73887ba1a000-73887ba1b000 rw-p 00007000 ca:01 276755                     /usr/lib/jvm/java-21-openjdk-amd64/lib/libjimage.so
73887ba1b000-73887ba2b000 r--p 00000000 ca:01 6411                       /usr/lib/x86_64-linux-gnu/libm.so.6
73887ba2b000-73887baaa000 r-xp 00010000 ca:01 6411                       /usr/lib/x86_64-linux-gnu/libm.so.6
73887baaa000-73887bb02000 r--p 0008f000 ca:01 6411                       /usr/lib/x86_64-linux-gnu/libm.so.6
73887bb02000-73887bb03000 r--p 000e7000 ca:01 6411                       /usr/lib/x86_64-linux-gnu/libm.so.6
73887bb03000-73887bb04000 rw-p 000e8000 ca:01 6411                       /usr/lib/x86_64-linux-gnu/libm.so.6
73887bb04000-73887bb06000 rw-p 00000000 00:00 0 
73887bb06000-73887bb08000 r--p 00000000 ca:01 276756                     /usr/lib/jvm/java-21-openjdk-amd64/lib/libjli.so
73887bb08000-73887bb12000 r-xp 00002000 ca:01 276756                     /usr/lib/jvm/java-21-openjdk-amd64/lib/libjli.so
73887bb12000-73887bb15000 r--p 0000c000 ca:01 276756                     /usr/lib/jvm/java-21-openjdk-amd64/lib/libjli.so
73887bb15000-73887bb16000 r--p 0000f000 ca:01 276756                     /usr/lib/jvm/java-21-openjdk-amd64/lib/libjli.so
73887bb16000-73887bb17000 rw-p 00010000 ca:01 276756                     /usr/lib/jvm/java-21-openjdk-amd64/lib/libjli.so
73887bb17000-73887bb19000 r--p 00000000 ca:01 5147                       /usr/lib/x86_64-linux-gnu/libz.so.1.3
73887bb19000-73887bb2b000 r-xp 00002000 ca:01 5147                       /usr/lib/x86_64-linux-gnu/libz.so.1.3
73887bb2b000-73887bb31000 r--p 00014000 ca:01 5147                       /usr/lib/x86_64-linux-gnu/libz.so.1.3
73887bb31000-73887bb32000 r--p 0001a000 ca:01 5147                       /usr/lib/x86_64-linux-gnu/libz.so.1.3
73887bb32000-73887bb33000 rw-p 0001b000 ca:01 5147                       /usr/lib/x86_64-linux-gnu/libz.so.1.3
73887bb37000-73887bb38000 ---p 00000000 00:00 0 
73887bb38000-73887bb39000 r--p 00000000 00:00 0 
73887bb39000-73887bb3a000 ---p 00000000 00:00 0 
73887bb3a000-73887bb3c000 rw-p 00000000 00:00 0 
73887bb3c000-73887bb3e000 r--p 00000000 00:00 0                          [vvar]
73887bb3e000-73887bb40000 r--p 00000000 00:00 0                          [vvar_vclock]
73887bb40000-73887bb42000 r-xp 00000000 00:00 0                          [vdso]
73887bb42000-73887bb43000 r--p 00000000 ca:01 6405                       /usr/lib/x86_64-linux-gnu/ld-linux-x86-64.so.2
73887bb43000-73887bb6e000 r-xp 00001000 ca:01 6405                       /usr/lib/x86_64-linux-gnu/ld-linux-x86-64.so.2
73887bb6e000-73887bb78000 r--p 0002c000 ca:01 6405                       /usr/lib/x86_64-linux-gnu/ld-linux-x86-64.so.2
73887bb78000-73887bb7a000 r--p 00036000 ca:01 6405                       /usr/lib/x86_64-linux-gnu/ld-linux-x86-64.so.2
73887bb7a000-73887bb7c000 rw-p 00038000 ca:01 6405                       /usr/lib/x86_64-linux-gnu/ld-linux-x86-64.so.2
7ffee967d000-7ffee96a0000 rw-p 00000000 00:00 0                          [stack]
ffffffffff600000-ffffffffff601000 --xp 00000000 00:00 0                  [vsyscall]
Total number of mappings: 104

JVMTI agents: none


VM Arguments:
jvm_args: -Xmx1G -Xms1G -XX:+UseG1GC -XX:MaxGCPauseMillis=20 -XX:InitiatingHeapOccupancyPercent=35 -XX:+ExplicitGCInvokesConcurrent -XX:MaxInlineLevel=15 -Djava.awt.headless=true -Xlog:gc*:file=/root/kafka_2.13-4.0.0/bin/../logs/kafkaServer-gc.log:time,tags:filecount=10,filesize=100M -Dcom.sun.management.jmxremote=true -Dcom.sun.management.jmxremote.authenticate=false -Dcom.sun.management.jmxremote.ssl=false -Dkafka.logs.dir=/root/kafka_2.13-4.0.0/bin/../logs -Dlog4j2.configurationFile=bin/../config/log4j2.yaml 
java_command: kafka.Kafka config/server.properties
java_class_path (initial): /root/kafka_2.13-4.0.0/bin/../libs/HdrHistogram-2.2.2.jar:/root/kafka_2.13-4.0.0/bin/../libs/activation-1.1.1.jar:/root/kafka_2.13-4.0.0/bin/../libs/aopalliance-repackaged-3.0.6.jar:/root/kafka_2.13-4.0.0/bin/../libs/argparse4j-0.7.0.jar:/root/kafka_2.13-4.0.0/bin/../libs/caffeine-3.1.1.jar:/root/kafka_2.13-4.0.0/bin/../libs/classgraph-4.8.173.jar:/root/kafka_2.13-4.0.0/bin/../libs/commons-beanutils-1.9.4.jar:/root/kafka_2.13-4.0.0/bin/../libs/commons-collections-3.2.2.jar:/root/kafka_2.13-4.0.0/bin/../libs/commons-digester-2.1.jar:/root/kafka_2.13-4.0.0/bin/../libs/commons-lang3-3.12.0.jar:/root/kafka_2.13-4.0.0/bin/../libs/commons-logging-1.3.2.jar:/root/kafka_2.13-4.0.0/bin/../libs/commons-validator-1.9.0.jar:/root/kafka_2.13-4.0.0/bin/../libs/connect-api-4.0.0.jar:/root/kafka_2.13-4.0.0/bin/../libs/connect-basic-auth-extension-4.0.0.jar:/root/kafka_2.13-4.0.0/bin/../libs/connect-json-4.0.0.jar:/root/kafka_2.13-4.0.0/bin/../libs/connect-mirror-4.0.0.jar:/root/kafka_2.13-4.0.0/bin/../libs/connect-mirror-client-4.0.0.jar:/root/kafka_2.13-4.0.0/bin/../libs/connect-runtime-4.0.0.jar:/root/kafka_2.13-4.0.0/bin/../libs/connect-transforms-4.0.0.jar:/root/kafka_2.13-4.0.0/bin/../libs/error_prone_annotations-2.14.0.jar:/root/kafka_2.13-4.0.0/bin/../libs/hk2-api-3.0.6.jar:/root/kafka_2.13-4.0.0/bin/../libs/hk2-locator-3.0.6.jar:/root/kafka_2.13-4.0.0/bin/../libs/hk2-utils-3.0.6.jar:/root/kafka_2.13-4.0.0/bin/../libs/jackson-annotations-2.16.2.jar:/root/kafka_2.13-4.0.0/bin/../libs/jackson-core-2.16.2.jar:/root/kafka_2.13-4.0.0/bin/../libs/jackson-databind-2.16.2.jar:/root/kafka_2.13-4.0.0/bin/../libs/jackson-dataformat-csv-2.16.2.jar:/root/kafka_2.13-4.0.0/bin/../libs/jackson-dataformat-yaml-2.16.2.jar:/root/kafka_2.13-4.0.0/bin/../libs/jackson-datatype-jdk8-2.16.2.jar:/root/kafka_2.13-4.0.0/bin/../libs/jackson-jakarta-rs-base-2.16.2.jar:/root/kafka_2.13-4.0.0/bin/../libs/jackson-jakarta-rs-json-provider-2.16.2.jar:/root/kafka_2.13-4.0.0/bin/../libs/jackson-module-blackbird-2.16.2.jar:/root/kafka_2.13-4.0.0/bin/../libs/jackson-module-jakarta-xmlbind-annotations-2.16.2.jar:/root/kafka_2.13-4.0.0/bin/../libs/jakarta.activation-2.0.1.jar:/root/kafka_2.13-4.0.0/bin/../libs/jakarta.activation-api-2.1.0.jar:/root/kafka_2.13-4.0.0/bin/../libs/jakarta.annotation-api-2.1.1.jar:/root/kafka_2.13-4.0.0/bin/../libs/jakarta.inject-api-2.0.1.jar:/root/kafka_2.13-4.0.0/bin/../libs/jakarta.servlet-api-6.0.0.jar:/root/kafka_2.13-4.0.0/bin/../libs/jakarta.validation-api-3.0.2.jar:/root/kafka_2.13-4.0.0/bin/../libs/jakarta.ws.rs-api-3.1.0.jar:/root/kafka_2.13-4.0.0/bin/../libs/jakarta.xml.bind-api-3.0.1.jar:/root/kafka_2.13-4.0.0/bin/../libs/javassist-3.29.2-GA.jar:/root/kafka_2.13-4.0.0/bin/../libs/javax.activation-api-1.2.0.jar:/root/kafka_2.13-4.0.0/bin/../libs/javax.annotation-api-1.3.2.jar:/root/kafka_2.13-4.0.0/bin/../libs/jaxb-api-2.3.1.jar:/root/kafka_2.13-4.0.0/bin/../libs/jersey-client-3.1.9.jar:/root/kafka_2.13-4.0.0/bin/../libs/jersey-common-3.1.9.jar:/root/kafka_2.13-4.0.0/bin/../libs/jersey-container-servlet-3.1.9.jar:/root/kafka_2.13-4.0.0/bin/../libs/jersey-container-servlet-core-3.1.9.jar:/root/kafka_2.13-4.0.0/bin/../libs/jersey-hk2-3.1.9.jar:/root/kafka_2.13-4.0.0/bin/../libs/jersey-server-3.1.9.jar:/root/kafka_2.13-4.0.0/bin/../libs/jetty-alpn-client-12.0.15.jar:/root/kafka_2.13-4.0.0/bin/../libs/jetty-client-12.0.15.jar:/root/kafka_2.13-4.0.0/bin/../libs/jetty-ee10-servlet-12.0.15.jar:/root/kafka_2.13-4.0.0/bin/../libs/jetty-ee10-servlets-12.0.15.jar:/root/kafka_2.13-4.0.0/bin/../libs/jetty-http-12.0.15.jar:/root/kafka_2.13-4.0.0/bin/../libs/jetty-io-12.0.15.jar:/root/kafka_2.13-4.0.0/bin/../libs/jetty-security-12.0.15.jar:/root/kafka_2.13-4.0.0/bin/../libs/jetty-server-12.0.15.jar:/root/kafka_2.13-4.0.0/bin/../libs/jetty-session-12.0.15.jar:/root/kafka_2.13-4.0.0/bin/../libs/jetty-util-12.0.15.jar:/root/kafka_2.13-4.0.0/bin/../libs/jline-3.25.1.jar:/root/kafka_2.13-4.0.0/bin/../libs/jopt-simple-5.0.4.jar:/root/kafka_2.13-4.0.0/bin/../libs/jose4j-0.9.4.jar:/root/kafka_2.13-4.0.0/bin/../libs/kafka-clients-4.0.0.jar:/root/kafka_2.13-4.0.0/bin/../libs/kafka-coordinator-common-4.0.0.jar:/root/kafka_2.13-4.0.0/bin/../libs/kafka-group-coordinator-4.0.0.jar:/root/kafka_2.13-4.0.0/bin/../libs/kafka-group-coordinator-api-4.0.0.jar:/root/kafka_2.13-4.0.0/bin/../libs/kafka-metadata-4.0.0.jar:/root/kafka_2.13-4.0.0/bin/../libs/kafka-raft-4.0.0.jar:/root/kafka_2.13-4.0.0/bin/../libs/kafka-server-4.0.0.jar:/root/kafka_2.13-4.0.0/bin/../libs/kafka-server-common-4.0.0.jar:/root/kafka_2.13-4.0.0/bin/../libs/kafka-share-coordinator-4.0.0.jar:/root/kafka_2.13-4.0.0/bin/../libs/kafka-shell-4.0.0.jar:/root/kafka_2.13-4.0.0/bin/../libs/kafka-storage-4.0.0.jar:/root/kafka_2.13-4.0.0/bin/../libs/kafka-storage-api-4.0.0.jar:/root/kafka_2.13-4.0.0/bin/../libs/kafka-streams-4.0.0.jar:/root/kafka_2.13-4.0.0/bin/../libs/kafka-streams-examples-4.0.0.jar:/root/kafka_2.13-4.0.0/bin/../libs/kafka-streams-scala_2.13-4.0.0.jar:/root/kafka_2.13-4.0.0/bin/../libs/kafka-streams-test-utils-4.0.0.jar:/root/kafka_2.13-4.0.0/bin/../libs/kafka-tools-4.0.0.jar:/root/kafka_2.13-4.0.0/bin/../libs/kafka-tools-api-4.0.0.jar:/root/kafka_2.13-4.0.0/bin/../libs/kafka-transaction-coordinator-4.0.0.jar:/root/kafka_2.13-4.0.0/bin/../libs/kafka_2.13-4.0.0.jar:/root/kafka_2.13-4.0.0/bin/../libs/log4j-1.2-api-2.24.3.jar:/root/kafka_2.13-4.0.0/bin/../libs/log4j-api-2.24.3.jar:/root/kafka_2.13-4.0.0/bin/../libs/log4j-core-2.24.3.jar:/root/kafka_2.13-4.0.0/bin/../libs/log4j-slf4j-impl-2.24.3.jar:/root/kafka_2.13-4.0.0/bin/../libs/lz4-java-1.8.0.jar:/root/kafka_2.13-4.0.0/bin/../libs/maven-artifact-3.9.6.jar:/root/kafka_2.13-4.0.0/bin/../libs/metrics-core-2.2.0.jar:/root/kafka_2.13-4.0.0/bin/../libs/opentelemetry-proto-1.0.0-alpha.jar:/root/kafka_2.13-4.0.0/bin/../libs/osgi-resource-locator-1.0.3.jar:/root/kafka_2.13-4.0.0/bin/../libs/pcollections-4.0.1.jar:/root/kafka_2.13-4.0.0/bin/../libs/plexus-utils-3.5.1.jar:/root/kafka_2.13-4.0.0/bin/../libs/protobuf-java-3.25.5.jar:/root/kafka_2.13-4.0.0/bin/../libs/re2j-1.7.jar:/root/kafka_2.13-4.0.0/bin/../libs/rocksdbjni-9.7.3.jar:/root/kafka_2.13-4.0.0/bin/../libs/scala-library-2.13.15.jar:/root/kafka_2.13-4.0.0/bin/../libs/scala-logging_2.13-3.9.5.jar:/root/kafka_2.13-4.0.0/bin/../libs/scala-reflect-2.13.15.jar:/root/kafka_2.13-4.0.0/bin/../libs/slf4j-api-1.7.36.jar:/root/kafka_2.13-4.0.0/bin/../libs/snakeyaml-2.2.jar:/root/kafka_2.13-4.0.0/bin/../libs/snappy-java-1.1.10.5.jar:/root/kafka_2.13-4.0.0/bin/../libs/swagger-annotations-2.2.25.jar:/root/kafka_2.13-4.0.0/bin/../libs/trogdor-4.0.0.jar:/root/kafka_2.13-4.0.0/bin/../libs/zstd-jni-1.5.6-6.jar
Launcher Type: SUN_STANDARD

[Global flags]
     intx CICompilerCount                          = 2                                         {product} {ergonomic}
     uint ConcGCThreads                            = 1                                         {product} {ergonomic}
     bool ExplicitGCInvokesConcurrent              = true                                      {product} {command line}
     uint G1ConcRefinementThreads                  = 1                                         {product} {ergonomic}
   size_t G1HeapRegionSize                         = 1048576                                   {product} {ergonomic}
    uintx GCDrainStackTargetSize                   = 64                                        {product} {ergonomic}
   size_t InitialHeapSize                          = 1073741824                                {product} {command line}
    uintx InitiatingHeapOccupancyPercent           = 35                                        {product} {command line}
     bool ManagementServer                         = true                                      {product} {command line}
   size_t MarkStackSize                            = 4194304                                   {product} {ergonomic}
    uintx MaxGCPauseMillis                         = 20                                        {product} {command line}
   size_t MaxHeapSize                              = 1073741824                                {product} {command line}
     intx MaxInlineLevel                           = 15                                     {C2 product} {command line}
   size_t MinHeapDeltaBytes                        = 1048576                                   {product} {ergonomic}
   size_t MinHeapSize                              = 1073741824                                {product} {command line}
    uintx NonNMethodCodeHeapSize                   = 5826188                                {pd product} {ergonomic}
    uintx NonProfiledCodeHeapSize                  = 122916026                              {pd product} {ergonomic}
    uintx ProfiledCodeHeapSize                     = 122916026                              {pd product} {ergonomic}
    uintx ReservedCodeCacheSize                    = 251658240                              {pd product} {ergonomic}
     bool SegmentedCodeCache                       = true                                      {product} {ergonomic}
   size_t SoftMaxHeapSize                          = 1073741824                             {manageable} {ergonomic}
     bool UseCompressedOops                        = true                           {product lp64_product} {ergonomic}
     bool UseG1GC                                  = true                                      {product} {command line}

Logging:
Log output configuration:
 #0: stdout all=warning uptime,level,tags foldmultilines=false
 #1: stderr all=off uptime,level,tags foldmultilines=false
 #2: file=/root/kafka_2.13-4.0.0/bin/../logs/kafkaServer-gc.log all=off,gc*=info time,tags foldmultilines=false,filecount=10,filesize=100M,async=false (reconfigured)

Release file:
<release file has not been read>
Environment Variables:
PATH=/usr/local/sbin:/usr/local/bin:/usr/sbin:/usr/bin:/sbin:/bin:/usr/games:/usr/local/games:/snap/bin
SHELL=/bin/bash
LANG=C.UTF-8
TERM=xterm-256color

Active Locale:
LC_ALL=C
LC_COLLATE=C
LC_CTYPE=C
LC_MESSAGES=C
LC_MONETARY=C
LC_NUMERIC=C
LC_TIME=C

Signal Handlers:
   SIGSEGV: crash_handler in libjvm.so, mask=11100100010111111101111111111110, flags=SA_RESTART|SA_SIGINFO, unblocked
    SIGBUS: crash_handler in libjvm.so, mask=11100100010111111101111111111110, flags=SA_RESTART|SA_SIGINFO, unblocked
    SIGFPE: crash_handler in libjvm.so, mask=11100100010111111101111111111110, flags=SA_RESTART|SA_SIGINFO, unblocked
   SIGPIPE: javaSignalHandler in libjvm.so, mask=11100100010111111101111111111110, flags=SA_RESTART|SA_SIGINFO, blocked
   SIGXFSZ: javaSignalHandler in libjvm.so, mask=11100100010111111101111111111110, flags=SA_RESTART|SA_SIGINFO, blocked
    SIGILL: crash_handler in libjvm.so, mask=11100100010111111101111111111110, flags=SA_RESTART|SA_SIGINFO, unblocked
   SIGUSR2: SR_handler in libjvm.so, mask=00000000000000000000000000000000, flags=SA_RESTART|SA_SIGINFO, blocked
    SIGHUP: SIG_DFL, mask=00000000000000000000000000000000, flags=none, blocked
    SIGINT: SIG_DFL, mask=00000000000000000000000000000000, flags=none, blocked
   SIGTERM: SIG_DFL, mask=00000000000000000000000000000000, flags=none, blocked
   SIGQUIT: UserHandler in libjvm.so, mask=11100100010111111101111111111110, flags=SA_RESTART|SA_SIGINFO, blocked
   SIGTRAP: crash_handler in libjvm.so, mask=11100100010111111101111111111110, flags=SA_RESTART|SA_SIGINFO, unblocked


Periodic native trim disabled

---------------  S Y S T E M  ---------------

OS:
DISTRIB_ID=Ubuntu
DISTRIB_RELEASE=24.04
DISTRIB_CODENAME=noble
DISTRIB_DESCRIPTION="Ubuntu 24.04.3 LTS"
uname: Linux 6.14.0-1015-aws #15~24.04.1-Ubuntu SMP Tue Sep 23 22:44:48 UTC 2025 x86_64
OS uptime: 0 days 0:44 hours
libc: glibc 2.39 NPTL 2.39 
rlimit (soft/hard): STACK 8192k/infinity , CORE 0k/infinity , NPROC 3739/3739 , NOFILE 1048576/1048576 , AS infinity/infinity , CPU infinity/infinity , DATA infinity/infinity , FSIZE infinity/infinity , MEMLOCK 122536k/122536k
load average: 0.20 0.16 0.07

/proc/meminfo:
MemTotal:         980308 kB
MemFree:          147252 kB
MemAvailable:     585024 kB
Buffers:           40020 kB
Cached:           519064 kB
SwapCached:            0 kB
Active:           202460 kB
Inactive:         421348 kB
Active(anon):      25548 kB
Inactive(anon):    61768 kB
Active(file):     176912 kB
Inactive(file):   359580 kB
Unevictable:       40228 kB
Mlocked:           27264 kB
SwapTotal:             0 kB
SwapFree:              0 kB
Zswap:                 0 kB
Zswapped:              0 kB
Dirty:               216 kB
Writeback:             0 kB
AnonPages:        105024 kB
Mapped:           110000 kB
Shmem:               892 kB
KReclaimable:      58116 kB
Slab:             107240 kB
SReclaimable:      58116 kB
SUnreclaim:        49124 kB
KernelStack:        2672 kB
PageTables:         3716 kB
SecPageTables:         0 kB
NFS_Unstable:          0 kB
Bounce:                0 kB
WritebackTmp:          0 kB
CommitLimit:      490152 kB
Committed_AS:     601856 kB
VmallocTotal:   34359738367 kB
VmallocUsed:        8468 kB
VmallocChunk:          0 kB
Percpu:             8320 kB
HardwareCorrupted:     0 kB
AnonHugePages:         0 kB
ShmemHugePages:        0 kB
ShmemPmdMapped:        0 kB
FileHugePages:         0 kB
FilePmdMapped:         0 kB
Unaccepted:            0 kB
HugePages_Total:       0
HugePages_Free:        0
HugePages_Rsvd:        0
HugePages_Surp:        0
Hugepagesize:       2048 kB
Hugetlb:               0 kB
DirectMap4k:       49152 kB
DirectMap2M:      999424 kB

/sys/kernel/mm/transparent_hugepage/enabled: always [madvise] never
/sys/kernel/mm/transparent_hugepage/hpage_pmd_size: 2097152
/sys/kernel/mm/transparent_hugepage/defrag (defrag/compaction efforts parameter): always defer defer+madvise [madvise] never

Process Memory:
Virtual Size: 1788672K (peak: 1788672K)
Resident Set Size: 21480K (peak: 21480K) (anon: 6784K, file: 14696K, shmem: 0K)
Swapped out: 0K
C-Heap outstanding allocations: 7253K, retained: 590K
glibc malloc tunables: (default)

/proc/sys/kernel/threads-max (system-wide limit on the number of threads): 7478
/proc/sys/vm/max_map_count (maximum number of memory map areas a process may have): 1048576
/proc/sys/vm/swappiness (control to define how aggressively the kernel swaps out anonymous memory): 60
/proc/sys/kernel/pid_max (system-wide limit on number of process identifiers): 4194304

container information not found.
Xen hardware-assisted virtualization detected
Steal ticks since vm start: 0
Steal ticks percentage since vm start:  0.000

CPU: total 15 (initial active 1) (1 cores per cpu, 1 threads per core) family 6 model 79 stepping 1 microcode 0xd000404, cx8, cmov, fxsr, mmx, sse, sse2, sse3, ssse3, sse4.1, sse4.2, popcnt, lzcnt, tsc, avx, avx2, aes, erms, clmul, bmi1, bmi2, fma, vzeroupper, clflush, hv, rdtscp, f16c
CPU Model and flags from /proc/cpuinfo:
model name	: Intel(R) Xeon(R) CPU E5-2686 v4 @ 2.30GHz
flags		: fpu vme de pse tsc msr pae mce cx8 apic sep mtrr pge mca cmov pat pse36 clflush mmx fxsr sse sse2 ht syscall nx rdtscp lm constant_tsc rep_good nopl xtopology cpuid tsc_known_freq pni pclmulqdq ssse3 fma cx16 pcid sse4_1 sse4_2 x2apic movbe popcnt tsc_deadline_timer aes xsave avx f16c rdrand hypervisor lahf_lm abm pti fsgsbase bmi1 avx2 smep bmi2 erms invpcid xsaveopt

Online cpus: 0
Offline cpus: 1-14
BIOS frequency limitation: <Not Available>
Frequency switch latency (ns): <Not Available>
Available cpu frequencies: <Not Available>
Current governor: <Not Available>
Core performance/turbo boost: <Not Available>

Memory: 4k page, physical 980308k(585024k free), swap 0k(0k free)
Page Sizes: 4k

vm_info: OpenJDK 64-Bit Server VM (21.0.9+10-Ubuntu-124.04) for linux-amd64 JRE (21.0.9+10-Ubuntu-124.04), built on 2025-10-23T12:36:23Z by "buildd" with gcc 13.3.0

END.
