#
# There is insufficient memory for the Java Runtime Environment to continue.
# Native memory allocation (mmap) failed to map 1073741824 bytes. Error detail: committing reserved memory.
# Possible reasons:
#   The system is out of physical RAM or swap space
#   This process is running with CompressedOops enabled, and the Java Heap may be blocking the growth of the native heap
# Possible solutions:
#   Reduce memory load on the system
#   Increase physical memory or swap space
#   Check if swap backing store is full
#   Decrease Java heap size (-Xmx/-Xms)
#   Decrease number of Java threads
#   Decrease Java thread stack sizes (-Xss)
#   Set larger code cache with -XX:ReservedCodeCacheSize=
#   JVM is running with Unscaled Compressed Oops mode in which the Java heap is
#     placed in the first 4GB address space. The Java Heap base address is the
#     maximum limit for the native heap growth. Please use -XX:HeapBaseMinAddress
#     to set the Java Heap base and to place the Java Heap above 4GB virtual address.
# This output file may be truncated or incomplete.
#
#  Out of Memory Error (os_linux.cpp:2829), pid=7096, tid=7448
#
# JRE version:  (21.0.9+10) (build )
# Java VM: OpenJDK 64-Bit Server VM (21.0.9+10-Ubuntu-124.04, mixed mode, sharing, tiered, compressed oops, compressed class ptrs, g1 gc, linux-amd64)
# Core dump will be written. Default location: Core dumps may be processed with "/usr/share/apport/apport -p%p -s%s -c%c -d%d -P%P -u%u -g%g -F%F -- %E" (or dumping to /root/kafka_2.13-4.0.0/core.7096)
#

---------------  S U M M A R Y ------------

Command Line: -Xmx1G -Xms1G -XX:+UseG1GC -XX:MaxGCPauseMillis=20 -XX:InitiatingHeapOccupancyPercent=35 -XX:+ExplicitGCInvokesConcurrent -XX:MaxInlineLevel=15 -Djava.awt.headless=true -Xlog:gc*:file=/root/kafka_2.13-4.0.0/bin/../logs/kafkaServer-gc.log:time,tags:filecount=10,filesize=100M -Dcom.sun.management.jmxremote=true -Dcom.sun.management.jmxremote.authenticate=false -Dcom.sun.management.jmxremote.ssl=false -Dkafka.logs.dir=/root/kafka_2.13-4.0.0/bin/../logs -Dlog4j2.configurationFile=bin/../config/log4j2.yaml kafka.Kafka config/server.properties

Host: Intel(R) Xeon(R) CPU E5-2686 v4 @ 2.30GHz, 15 cores, 957M, Ubuntu 24.04.3 LTS
Time: Sun Nov 30 18:37:57 2025 UTC elapsed time: 0.006603 seconds (0d 0h 0m 0s)

---------------  T H R E A D  ---------------

Current thread (0x000071229801c840):  JavaThread "Unknown thread" [_thread_in_vm, id=7448, stack(0x000071229fb00000,0x000071229fc00000) (1024K)]

Stack: [0x000071229fb00000,0x000071229fc00000],  sp=0x000071229fbfe500,  free space=1017k
Native frames: (J=compiled Java code, j=interpreted, Vv=VM code, C=native code)
V  [libjvm.so+0x101acdb]  VMError::report_and_die(int, char const*, char const*, __va_list_tag*, Thread*, unsigned char*, void*, void*, char const*, int, unsigned long)+0x27b  (os_linux.cpp:2829)
V  [libjvm.so+0x101b741]
V  [libjvm.so+0x6b3901]
V  [libjvm.so+0xd0227d]  os::pd_commit_memory_or_exit(char*, unsigned long, unsigned long, bool, char const*)+0xdd
V  [libjvm.so+0xcfba9f]  os::commit_memory_or_exit(char*, unsigned long, unsigned long, bool, char const*)+0x1f
V  [libjvm.so+0x814dbb]  G1PageBasedVirtualSpace::commit(unsigned long, unsigned long)+0x5b
V  [libjvm.so+0x82b43b]  G1RegionsLargerThanCommitSizeMapper::commit_regions(unsigned int, unsigned long, WorkerThreads*)+0xab
V  [libjvm.so+0x8bc16a]  HeapRegionManager::commit_regions(unsigned int, unsigned long, WorkerThreads*)+0x5a
V  [libjvm.so+0x8bde0f]  HeapRegionManager::expand(unsigned int, unsigned int, WorkerThreads*)+0x2f
V  [libjvm.so+0x8be025]  HeapRegionManager::expand_by(unsigned int, WorkerThreads*)+0x75
V  [libjvm.so+0x7ca53c]  G1CollectedHeap::expand(unsigned long, WorkerThreads*, double*)+0xfc
V  [libjvm.so+0x7caad3]  G1CollectedHeap::initialize()+0x543
V  [libjvm.so+0xfbd6a9]  universe_init()+0xd9
V  [libjvm.so+0x8dc2da]  init_globals()+0x3a
V  [libjvm.so+0xf9c668]  Threads::create_vm(JavaVMInitArgs*, bool*)+0x278
V  [libjvm.so+0x9b6863]  JNI_CreateJavaVM+0x53
C  [libjli.so+0x4673]  JavaMain+0x93
C  [libjli.so+0x846d]  ThreadJavaMain+0xd
C  [libc.so.6+0x9caa4]

---------------  P R O C E S S  ---------------

Threads class SMR info:
_java_thread_list=0x00007122a154e120, length=0, elements={
}

Java Threads: ( => current thread )
Total: 0

Other Threads:
  0x0000712298058520 WorkerThread "GC Thread#0"                     [id=7449, stack(0x000071229e300000,0x000071229e400000) (1024K)]
  0x0000712298061af0 ConcurrentGCThread "G1 Main Marker"            [id=7450, stack(0x000071229e1ff000,0x000071229e2ff000) (1024K)]
  0x0000712298062aa0 WorkerThread "G1 Conc#0"                       [id=7451, stack(0x000071229e0fe000,0x000071229e1fe000) (1024K)]

[error occurred during error reporting (printing all threads), id 0xb, SIGSEGV (0xb) at pc=0x00007122a07e5904]
VM state: not at safepoint (not fully initialized)

VM Mutex/Monitor currently owned by a thread:  ([mutex/lock_event])
[0x00007122a1527d98] Heap_lock - owner thread: 0x000071229801c840

Heap address: 0x00000000c0000000, size: 1024 MB, Compressed Oops mode: 32-bit

CDS archive(s) mapped at: [0x0000000000000000-0x0000000000000000-0x0000000000000000), size 0, SharedBaseAddress: 0x0000000800000000, ArchiveRelocationMode: 1.
Narrow klass base: 0x0000000000000000, Narrow klass shift: 0, Narrow klass range: 0x0

GC Precious Log:
 CardTable entry size: 512
 Card Set container configuration: InlinePtr #cards 5 size 8 Array Of Cards #cards 12 size 40 Howl #buckets 4 coarsen threshold 1843 Howl Bitmap #cards 512 size 80 coarsen threshold 460 Card regions per heap region 1 cards per card region 2048

Heap:
 garbage-first heap   total 0K, used 0K [0x00000000c0000000, 0x0000000100000000)
  region size 1024K, 0 young (0K), 0 survivors (0K)

[error occurred during error reporting (printing heap information), id 0xb, SIGSEGV (0xb) at pc=0x00007122a0dae80e]
GC Heap History (0 events):
No events

Dll operation events (1 events):
Event: 0.002 Loaded shared library /usr/lib/jvm/java-21-openjdk-amd64/lib/libjava.so

Deoptimization events (0 events):
No events

Classes loaded (0 events):
No events

Classes unloaded (0 events):
No events

Classes redefined (0 events):
No events

Internal exceptions (0 events):
No events

ZGC Phase Switch (0 events):
No events

VM Operations (0 events):
No events

Memory protections (1 events):
Event: 0.002 Protecting memory [0x000071229fb00000,0x000071229fb04000] with protection modes 0

Nmethod flushes (0 events):
No events

Events (0 events):
No events


Dynamic libraries:
c0000000-100000000 ---p 00000000 00:00 0 
63b2a7dff000-63b2a7e00000 r--p 00000000 ca:01 276253                     /usr/lib/jvm/java-21-openjdk-amd64/bin/java
63b2a7e00000-63b2a7e01000 r-xp 00001000 ca:01 276253                     /usr/lib/jvm/java-21-openjdk-amd64/bin/java
63b2a7e01000-63b2a7e02000 r--p 00002000 ca:01 276253                     /usr/lib/jvm/java-21-openjdk-amd64/bin/java
63b2a7e02000-63b2a7e03000 r--p 00002000 ca:01 276253                     /usr/lib/jvm/java-21-openjdk-amd64/bin/java
63b2a7e03000-63b2a7e04000 rw-p 00003000 ca:01 276253                     /usr/lib/jvm/java-21-openjdk-amd64/bin/java
63b2d3bf0000-63b2d3c39000 rw-p 00000000 00:00 0                          [heap]
712272000000-712274021000 rw-p 00000000 00:00 0 
712274021000-712278000000 ---p 00000000 00:00 0 
712278000000-712278021000 rw-p 00000000 00:00 0 
712278021000-71227c000000 ---p 00000000 00:00 0 
71227c000000-71227c021000 rw-p 00000000 00:00 0 
71227c021000-712280000000 ---p 00000000 00:00 0 
712280800000-712280a70000 rwxp 00000000 00:00 0 
712280a70000-712287d38000 ---p 00000000 00:00 0 
712287d38000-712287fa8000 rwxp 00000000 00:00 0 
712287fa8000-7122882c7000 ---p 00000000 00:00 0 
7122882c7000-712288537000 rwxp 00000000 00:00 0 
712288537000-71228f800000 ---p 00000000 00:00 0 
71228f800000-712297e34000 r--s 00000000 ca:01 276403                     /usr/lib/jvm/java-21-openjdk-amd64/lib/modules
712298000000-712298091000 rw-p 00000000 00:00 0 
712298091000-71229c000000 ---p 00000000 00:00 0 
71229db96000-71229e0fd000 rw-p 00000000 00:00 0 
71229e0fd000-71229e0fe000 ---p 00000000 00:00 0 
71229e0fe000-71229e1fe000 rw-p 00000000 00:00 0 
71229e1fe000-71229e1ff000 ---p 00000000 00:00 0 
71229e1ff000-71229e2ff000 rw-p 00000000 00:00 0 
71229e2ff000-71229e300000 ---p 00000000 00:00 0 
71229e300000-71229e400000 rw-p 00000000 00:00 0 
71229e400000-71229f800000 ---p 00000000 00:00 0 
71229f829000-71229f92f000 rw-p 00000000 00:00 0 
71229f92f000-71229fa15000 ---p 00000000 00:00 0 
71229fa15000-71229fa1a000 rw-p 00000000 00:00 0 
71229fa1a000-71229fb00000 ---p 00000000 00:00 0 
71229fb00000-71229fb04000 ---p 00000000 00:00 0 
71229fb04000-71229fc00000 rw-p 00000000 00:00 0 
71229fc00000-71229fc9d000 r--p 00000000 ca:01 5171                       /usr/lib/x86_64-linux-gnu/libstdc++.so.6.0.33
71229fc9d000-71229fde5000 r-xp 0009d000 ca:01 5171                       /usr/lib/x86_64-linux-gnu/libstdc++.so.6.0.33
71229fde5000-71229fe6c000 r--p 001e5000 ca:01 5171                       /usr/lib/x86_64-linux-gnu/libstdc++.so.6.0.33
71229fe6c000-71229fe77000 r--p 0026b000 ca:01 5171                       /usr/lib/x86_64-linux-gnu/libstdc++.so.6.0.33
71229fe77000-71229fe7a000 rw-p 00276000 ca:01 5171                       /usr/lib/x86_64-linux-gnu/libstdc++.so.6.0.33
71229fe7a000-71229fe7e000 rw-p 00000000 00:00 0 
71229ff17000-71229ff27000 r--p 00000000 ca:01 6411                       /usr/lib/x86_64-linux-gnu/libm.so.6
71229ff27000-71229ffa6000 r-xp 00010000 ca:01 6411                       /usr/lib/x86_64-linux-gnu/libm.so.6
71229ffa6000-71229fffe000 r--p 0008f000 ca:01 6411                       /usr/lib/x86_64-linux-gnu/libm.so.6
71229fffe000-71229ffff000 r--p 000e7000 ca:01 6411                       /usr/lib/x86_64-linux-gnu/libm.so.6
71229ffff000-7122a0000000 rw-p 000e8000 ca:01 6411                       /usr/lib/x86_64-linux-gnu/libm.so.6
7122a0000000-7122a02a2000 r--p 00000000 ca:01 276409                     /usr/lib/jvm/java-21-openjdk-amd64/lib/server/libjvm.so
7122a02a2000-7122a1118000 r-xp 002a2000 ca:01 276409                     /usr/lib/jvm/java-21-openjdk-amd64/lib/server/libjvm.so
7122a1118000-7122a13f2000 r--p 01118000 ca:01 276409                     /usr/lib/jvm/java-21-openjdk-amd64/lib/server/libjvm.so
7122a13f2000-7122a14c6000 r--p 013f2000 ca:01 276409                     /usr/lib/jvm/java-21-openjdk-amd64/lib/server/libjvm.so
7122a14c6000-7122a14f6000 rw-p 014c6000 ca:01 276409                     /usr/lib/jvm/java-21-openjdk-amd64/lib/server/libjvm.so
7122a14f6000-7122a155c000 rw-p 00000000 00:00 0 
7122a15dd000-7122a1600000 rw-p 00000000 00:00 0 
7122a1600000-7122a1628000 r--p 00000000 ca:01 6408                       /usr/lib/x86_64-linux-gnu/libc.so.6
7122a1628000-7122a17b0000 r-xp 00028000 ca:01 6408                       /usr/lib/x86_64-linux-gnu/libc.so.6
7122a17b0000-7122a17ff000 r--p 001b0000 ca:01 6408                       /usr/lib/x86_64-linux-gnu/libc.so.6
7122a17ff000-7122a1803000 r--p 001fe000 ca:01 6408                       /usr/lib/x86_64-linux-gnu/libc.so.6
7122a1803000-7122a1805000 rw-p 00202000 ca:01 6408                       /usr/lib/x86_64-linux-gnu/libc.so.6
7122a1805000-7122a1812000 rw-p 00000000 00:00 0 
7122a1816000-7122a181b000 rw-p 00000000 00:00 0 
7122a181b000-7122a1822000 ---p 00000000 00:00 0 
7122a1822000-7122a182f000 r--p 00000000 ca:01 276380                     /usr/lib/jvm/java-21-openjdk-amd64/lib/libjava.so
7122a182f000-7122a183e000 r-xp 0000d000 ca:01 276380                     /usr/lib/jvm/java-21-openjdk-amd64/lib/libjava.so
7122a183e000-7122a1843000 r--p 0001c000 ca:01 276380                     /usr/lib/jvm/java-21-openjdk-amd64/lib/libjava.so
7122a1843000-7122a1844000 r--p 00021000 ca:01 276380                     /usr/lib/jvm/java-21-openjdk-amd64/lib/libjava.so
7122a1844000-7122a1845000 rw-p 00022000 ca:01 276380                     /usr/lib/jvm/java-21-openjdk-amd64/lib/libjava.so
7122a1845000-7122a1846000 rw-p 00000000 00:00 0 
7122a1846000-7122a184e000 rw-s 00000000 ca:01 277995                     /tmp/hsperfdata_root/7096
7122a184e000-7122a1850000 r--p 00000000 ca:01 276383                     /usr/lib/jvm/java-21-openjdk-amd64/lib/libjimage.so
7122a1850000-7122a1853000 r-xp 00002000 ca:01 276383                     /usr/lib/jvm/java-21-openjdk-amd64/lib/libjimage.so
7122a1853000-7122a1854000 r--p 00005000 ca:01 276383                     /usr/lib/jvm/java-21-openjdk-amd64/lib/libjimage.so
7122a1854000-7122a1855000 r--p 00006000 ca:01 276383                     /usr/lib/jvm/java-21-openjdk-amd64/lib/libjimage.so
7122a1855000-7122a1856000 rw-p 00007000 ca:01 276383                     /usr/lib/jvm/java-21-openjdk-amd64/lib/libjimage.so
7122a1856000-7122a185a000 r--p 00000000 ca:01 6388                       /usr/lib/x86_64-linux-gnu/libgcc_s.so.1
7122a185a000-7122a187e000 r-xp 00004000 ca:01 6388                       /usr/lib/x86_64-linux-gnu/libgcc_s.so.1
7122a187e000-7122a1882000 r--p 00028000 ca:01 6388                       /usr/lib/x86_64-linux-gnu/libgcc_s.so.1
7122a1882000-7122a1883000 r--p 0002b000 ca:01 6388                       /usr/lib/x86_64-linux-gnu/libgcc_s.so.1
7122a1883000-7122a1884000 rw-p 0002c000 ca:01 6388                       /usr/lib/x86_64-linux-gnu/libgcc_s.so.1
7122a1884000-7122a1886000 rw-p 00000000 00:00 0 
7122a1886000-7122a1888000 r--p 00000000 ca:01 276384                     /usr/lib/jvm/java-21-openjdk-amd64/lib/libjli.so
7122a1888000-7122a1892000 r-xp 00002000 ca:01 276384                     /usr/lib/jvm/java-21-openjdk-amd64/lib/libjli.so
7122a1892000-7122a1895000 r--p 0000c000 ca:01 276384                     /usr/lib/jvm/java-21-openjdk-amd64/lib/libjli.so
7122a1895000-7122a1896000 r--p 0000f000 ca:01 276384                     /usr/lib/jvm/java-21-openjdk-amd64/lib/libjli.so
7122a1896000-7122a1897000 rw-p 00010000 ca:01 276384                     /usr/lib/jvm/java-21-openjdk-amd64/lib/libjli.so
7122a1897000-7122a1899000 r--p 00000000 ca:01 5147                       /usr/lib/x86_64-linux-gnu/libz.so.1.3
7122a1899000-7122a18ab000 r-xp 00002000 ca:01 5147                       /usr/lib/x86_64-linux-gnu/libz.so.1.3
7122a18ab000-7122a18b1000 r--p 00014000 ca:01 5147                       /usr/lib/x86_64-linux-gnu/libz.so.1.3
7122a18b1000-7122a18b2000 r--p 0001a000 ca:01 5147                       /usr/lib/x86_64-linux-gnu/libz.so.1.3
7122a18b2000-7122a18b3000 rw-p 0001b000 ca:01 5147                       /usr/lib/x86_64-linux-gnu/libz.so.1.3
7122a18b7000-7122a18b8000 ---p 00000000 00:00 0 
7122a18b8000-7122a18b9000 r--p 00000000 00:00 0 
7122a18b9000-7122a18ba000 ---p 00000000 00:00 0 
7122a18ba000-7122a18bc000 rw-p 00000000 00:00 0 
7122a18bc000-7122a18be000 r--p 00000000 00:00 0                          [vvar]
7122a18be000-7122a18c0000 r--p 00000000 00:00 0                          [vvar_vclock]
7122a18c0000-7122a18c2000 r-xp 00000000 00:00 0                          [vdso]
7122a18c2000-7122a18c3000 r--p 00000000 ca:01 6405                       /usr/lib/x86_64-linux-gnu/ld-linux-x86-64.so.2
7122a18c3000-7122a18ee000 r-xp 00001000 ca:01 6405                       /usr/lib/x86_64-linux-gnu/ld-linux-x86-64.so.2
7122a18ee000-7122a18f8000 r--p 0002c000 ca:01 6405                       /usr/lib/x86_64-linux-gnu/ld-linux-x86-64.so.2
7122a18f8000-7122a18fa000 r--p 00036000 ca:01 6405                       /usr/lib/x86_64-linux-gnu/ld-linux-x86-64.so.2
7122a18fa000-7122a18fc000 rw-p 00038000 ca:01 6405                       /usr/lib/x86_64-linux-gnu/ld-linux-x86-64.so.2
7ffea0616000-7ffea0639000 rw-p 00000000 00:00 0                          [stack]
ffffffffff600000-ffffffffff601000 --xp 00000000 00:00 0                  [vsyscall]
Total number of mappings: 104

JVMTI agents: none


VM Arguments:
jvm_args: -Xmx1G -Xms1G -XX:+UseG1GC -XX:MaxGCPauseMillis=20 -XX:InitiatingHeapOccupancyPercent=35 -XX:+ExplicitGCInvokesConcurrent -XX:MaxInlineLevel=15 -Djava.awt.headless=true -Xlog:gc*:file=/root/kafka_2.13-4.0.0/bin/../logs/kafkaServer-gc.log:time,tags:filecount=10,filesize=100M -Dcom.sun.management.jmxremote=true -Dcom.sun.management.jmxremote.authenticate=false -Dcom.sun.management.jmxremote.ssl=false -Dkafka.logs.dir=/root/kafka_2.13-4.0.0/bin/../logs -Dlog4j2.configurationFile=bin/../config/log4j2.yaml 
java_command: kafka.Kafka config/server.properties
java_class_path (initial): /root/kafka_2.13-4.0.0/bin/../libs/HdrHistogram-2.2.2.jar:/root/kafka_2.13-4.0.0/bin/../libs/activation-1.1.1.jar:/root/kafka_2.13-4.0.0/bin/../libs/aopalliance-repackaged-3.0.6.jar:/root/kafka_2.13-4.0.0/bin/../libs/argparse4j-0.7.0.jar:/root/kafka_2.13-4.0.0/bin/../libs/caffeine-3.1.1.jar:/root/kafka_2.13-4.0.0/bin/../libs/classgraph-4.8.173.jar:/root/kafka_2.13-4.0.0/bin/../libs/commons-beanutils-1.9.4.jar:/root/kafka_2.13-4.0.0/bin/../libs/commons-collections-3.2.2.jar:/root/kafka_2.13-4.0.0/bin/../libs/commons-digester-2.1.jar:/root/kafka_2.13-4.0.0/bin/../libs/commons-lang3-3.12.0.jar:/root/kafka_2.13-4.0.0/bin/../libs/commons-logging-1.3.2.jar:/root/kafka_2.13-4.0.0/bin/../libs/commons-validator-1.9.0.jar:/root/kafka_2.13-4.0.0/bin/../libs/connect-api-4.0.0.jar:/root/kafka_2.13-4.0.0/bin/../libs/connect-basic-auth-extension-4.0.0.jar:/root/kafka_2.13-4.0.0/bin/../libs/connect-json-4.0.0.jar:/root/kafka_2.13-4.0.0/bin/../libs/connect-mirror-4.0.0.jar:/root/kafka_2.13-4.0.0/bin/../libs/connect-mirror-client-4.0.0.jar:/root/kafka_2.13-4.0.0/bin/../libs/connect-runtime-4.0.0.jar:/root/kafka_2.13-4.0.0/bin/../libs/connect-transforms-4.0.0.jar:/root/kafka_2.13-4.0.0/bin/../libs/error_prone_annotations-2.14.0.jar:/root/kafka_2.13-4.0.0/bin/../libs/hk2-api-3.0.6.jar:/root/kafka_2.13-4.0.0/bin/../libs/hk2-locator-3.0.6.jar:/root/kafka_2.13-4.0.0/bin/../libs/hk2-utils-3.0.6.jar:/root/kafka_2.13-4.0.0/bin/../libs/jackson-annotations-2.16.2.jar:/root/kafka_2.13-4.0.0/bin/../libs/jackson-core-2.16.2.jar:/root/kafka_2.13-4.0.0/bin/../libs/jackson-databind-2.16.2.jar:/root/kafka_2.13-4.0.0/bin/../libs/jackson-dataformat-csv-2.16.2.jar:/root/kafka_2.13-4.0.0/bin/../libs/jackson-dataformat-yaml-2.16.2.jar:/root/kafka_2.13-4.0.0/bin/../libs/jackson-datatype-jdk8-2.16.2.jar:/root/kafka_2.13-4.0.0/bin/../libs/jackson-jakarta-rs-base-2.16.2.jar:/root/kafka_2.13-4.0.0/bin/../libs/jackson-jakarta-rs-json-provider-2.16.2.jar:/root/kafka_2.13-4.0.0/bin/../libs/jackson-module-blackbird-2.16.2.jar:/root/kafka_2.13-4.0.0/bin/../libs/jackson-module-jakarta-xmlbind-annotations-2.16.2.jar:/root/kafka_2.13-4.0.0/bin/../libs/jakarta.activation-2.0.1.jar:/root/kafka_2.13-4.0.0/bin/../libs/jakarta.activation-api-2.1.0.jar:/root/kafka_2.13-4.0.0/bin/../libs/jakarta.annotation-api-2.1.1.jar:/root/kafka_2.13-4.0.0/bin/../libs/jakarta.inject-api-2.0.1.jar:/root/kafka_2.13-4.0.0/bin/../libs/jakarta.servlet-api-6.0.0.jar:/root/kafka_2.13-4.0.0/bin/../libs/jakarta.validation-api-3.0.2.jar:/root/kafka_2.13-4.0.0/bin/../libs/jakarta.ws.rs-api-3.1.0.jar:/root/kafka_2.13-4.0.0/bin/../libs/jakarta.xml.bind-api-3.0.1.jar:/root/kafka_2.13-4.0.0/bin/../libs/javassist-3.29.2-GA.jar:/root/kafka_2.13-4.0.0/bin/../libs/javax.activation-api-1.2.0.jar:/root/kafka_2.13-4.0.0/bin/../libs/javax.annotation-api-1.3.2.jar:/root/kafka_2.13-4.0.0/bin/../libs/jaxb-api-2.3.1.jar:/root/kafka_2.13-4.0.0/bin/../libs/jersey-client-3.1.9.jar:/root/kafka_2.13-4.0.0/bin/../libs/jersey-common-3.1.9.jar:/root/kafka_2.13-4.0.0/bin/../libs/jersey-container-servlet-3.1.9.jar:/root/kafka_2.13-4.0.0/bin/../libs/jersey-container-servlet-core-3.1.9.jar:/root/kafka_2.13-4.0.0/bin/../libs/jersey-hk2-3.1.9.jar:/root/kafka_2.13-4.0.0/bin/../libs/jersey-server-3.1.9.jar:/root/kafka_2.13-4.0.0/bin/../libs/jetty-alpn-client-12.0.15.jar:/root/kafka_2.13-4.0.0/bin/../libs/jetty-client-12.0.15.jar:/root/kafka_2.13-4.0.0/bin/../libs/jetty-ee10-servlet-12.0.15.jar:/root/kafka_2.13-4.0.0/bin/../libs/jetty-ee10-servlets-12.0.15.jar:/root/kafka_2.13-4.0.0/bin/../libs/jetty-http-12.0.15.jar:/root/kafka_2.13-4.0.0/bin/../libs/jetty-io-12.0.15.jar:/root/kafka_2.13-4.0.0/bin/../libs/jetty-security-12.0.15.jar:/root/kafka_2.13-4.0.0/bin/../libs/jetty-server-12.0.15.jar:/root/kafka_2.13-4.0.0/bin/../libs/jetty-session-12.0.15.jar:/root/kafka_2.13-4.0.0/bin/../libs/jetty-util-12.0.15.jar:/root/kafka_2.13-4.0.0/bin/../libs/jline-3.25.1.jar:/root/kafka_2.13-4.0.0/bin/../libs/jopt-simple-5.0.4.jar:/root/kafka_2.13-4.0.0/bin/../libs/jose4j-0.9.4.jar:/root/kafka_2.13-4.0.0/bin/../libs/kafka-clients-4.0.0.jar:/root/kafka_2.13-4.0.0/bin/../libs/kafka-coordinator-common-4.0.0.jar:/root/kafka_2.13-4.0.0/bin/../libs/kafka-group-coordinator-4.0.0.jar:/root/kafka_2.13-4.0.0/bin/../libs/kafka-group-coordinator-api-4.0.0.jar:/root/kafka_2.13-4.0.0/bin/../libs/kafka-metadata-4.0.0.jar:/root/kafka_2.13-4.0.0/bin/../libs/kafka-raft-4.0.0.jar:/root/kafka_2.13-4.0.0/bin/../libs/kafka-server-4.0.0.jar:/root/kafka_2.13-4.0.0/bin/../libs/kafka-server-common-4.0.0.jar:/root/kafka_2.13-4.0.0/bin/../libs/kafka-share-coordinator-4.0.0.jar:/root/kafka_2.13-4.0.0/bin/../libs/kafka-shell-4.0.0.jar:/root/kafka_2.13-4.0.0/bin/../libs/kafka-storage-4.0.0.jar:/root/kafka_2.13-4.0.0/bin/../libs/kafka-storage-api-4.0.0.jar:/root/kafka_2.13-4.0.0/bin/../libs/kafka-streams-4.0.0.jar:/root/kafka_2.13-4.0.0/bin/../libs/kafka-streams-examples-4.0.0.jar:/root/kafka_2.13-4.0.0/bin/../libs/kafka-streams-scala_2.13-4.0.0.jar:/root/kafka_2.13-4.0.0/bin/../libs/kafka-streams-test-utils-4.0.0.jar:/root/kafka_2.13-4.0.0/bin/../libs/kafka-tools-4.0.0.jar:/root/kafka_2.13-4.0.0/bin/../libs/kafka-tools-api-4.0.0.jar:/root/kafka_2.13-4.0.0/bin/../libs/kafka-transaction-coordinator-4.0.0.jar:/root/kafka_2.13-4.0.0/bin/../libs/kafka_2.13-4.0.0.jar:/root/kafka_2.13-4.0.0/bin/../libs/log4j-1.2-api-2.24.3.jar:/root/kafka_2.13-4.0.0/bin/../libs/log4j-api-2.24.3.jar:/root/kafka_2.13-4.0.0/bin/../libs/log4j-core-2.24.3.jar:/root/kafka_2.13-4.0.0/bin/../libs/log4j-slf4j-impl-2.24.3.jar:/root/kafka_2.13-4.0.0/bin/../libs/lz4-java-1.8.0.jar:/root/kafka_2.13-4.0.0/bin/../libs/maven-artifact-3.9.6.jar:/root/kafka_2.13-4.0.0/bin/../libs/metrics-core-2.2.0.jar:/root/kafka_2.13-4.0.0/bin/../libs/opentelemetry-proto-1.0.0-alpha.jar:/root/kafka_2.13-4.0.0/bin/../libs/osgi-resource-locator-1.0.3.jar:/root/kafka_2.13-4.0.0/bin/../libs/pcollections-4.0.1.jar:/root/kafka_2.13-4.0.0/bin/../libs/plexus-utils-3.5.1.jar:/root/kafka_2.13-4.0.0/bin/../libs/protobuf-java-3.25.5.jar:/root/kafka_2.13-4.0.0/bin/../libs/re2j-1.7.jar:/root/kafka_2.13-4.0.0/bin/../libs/rocksdbjni-9.7.3.jar:/root/kafka_2.13-4.0.0/bin/../libs/scala-library-2.13.15.jar:/root/kafka_2.13-4.0.0/bin/../libs/scala-logging_2.13-3.9.5.jar:/root/kafka_2.13-4.0.0/bin/../libs/scala-reflect-2.13.15.jar:/root/kafka_2.13-4.0.0/bin/../libs/slf4j-api-1.7.36.jar:/root/kafka_2.13-4.0.0/bin/../libs/snakeyaml-2.2.jar:/root/kafka_2.13-4.0.0/bin/../libs/snappy-java-1.1.10.5.jar:/root/kafka_2.13-4.0.0/bin/../libs/swagger-annotations-2.2.25.jar:/root/kafka_2.13-4.0.0/bin/../libs/trogdor-4.0.0.jar:/root/kafka_2.13-4.0.0/bin/../libs/zstd-jni-1.5.6-6.jar
Launcher Type: SUN_STANDARD

[Global flags]
     intx CICompilerCount                          = 2                                         {product} {ergonomic}
     uint ConcGCThreads                            = 1                                         {product} {ergonomic}
     bool ExplicitGCInvokesConcurrent              = true                                      {product} {command line}
     uint G1ConcRefinementThreads                  = 1                                         {product} {ergonomic}
   size_t G1HeapRegionSize                         = 1048576                                   {product} {ergonomic}
    uintx GCDrainStackTargetSize                   = 64                                        {product} {ergonomic}
   size_t InitialHeapSize                          = 1073741824                                {product} {command line}
    uintx InitiatingHeapOccupancyPercent           = 35                                        {product} {command line}
     bool ManagementServer                         = true                                      {product} {command line}
   size_t MarkStackSize                            = 4194304                                   {product} {ergonomic}
    uintx MaxGCPauseMillis                         = 20                                        {product} {command line}
   size_t MaxHeapSize                              = 1073741824                                {product} {command line}
     intx MaxInlineLevel                           = 15                                     {C2 product} {command line}
   size_t MinHeapDeltaBytes                        = 1048576                                   {product} {ergonomic}
   size_t MinHeapSize                              = 1073741824                                {product} {command line}
    uintx NonNMethodCodeHeapSize                   = 5826188                                {pd product} {ergonomic}
    uintx NonProfiledCodeHeapSize                  = 122916026                              {pd product} {ergonomic}
    uintx ProfiledCodeHeapSize                     = 122916026                              {pd product} {ergonomic}
    uintx ReservedCodeCacheSize                    = 251658240                              {pd product} {ergonomic}
     bool SegmentedCodeCache                       = true                                      {product} {ergonomic}
   size_t SoftMaxHeapSize                          = 1073741824                             {manageable} {ergonomic}
     bool UseCompressedOops                        = true                           {product lp64_product} {ergonomic}
     bool UseG1GC                                  = true                                      {product} {command line}

Logging:
Log output configuration:
 #0: stdout all=warning uptime,level,tags foldmultilines=false
 #1: stderr all=off uptime,level,tags foldmultilines=false
 #2: file=/root/kafka_2.13-4.0.0/bin/../logs/kafkaServer-gc.log all=off,gc*=info time,tags foldmultilines=false,filecount=10,filesize=100M,async=false (reconfigured)

Release file:
<release file has not been read>
Environment Variables:
PATH=/usr/local/sbin:/usr/local/bin:/usr/sbin:/usr/bin:/sbin:/bin:/usr/games:/usr/local/games:/snap/bin
SHELL=/bin/bash
LANG=C.UTF-8
TERM=xterm-256color

Active Locale:
LC_ALL=C
LC_COLLATE=C
LC_CTYPE=C
LC_MESSAGES=C
LC_MONETARY=C
LC_NUMERIC=C
LC_TIME=C

Signal Handlers:
   SIGSEGV: crash_handler in libjvm.so, mask=11100100010111111101111111111110, flags=SA_RESTART|SA_SIGINFO, unblocked
    SIGBUS: crash_handler in libjvm.so, mask=11100100010111111101111111111110, flags=SA_RESTART|SA_SIGINFO, unblocked
    SIGFPE: crash_handler in libjvm.so, mask=11100100010111111101111111111110, flags=SA_RESTART|SA_SIGINFO, unblocked
   SIGPIPE: javaSignalHandler in libjvm.so, mask=11100100010111111101111111111110, flags=SA_RESTART|SA_SIGINFO, blocked
   SIGXFSZ: javaSignalHandler in libjvm.so, mask=11100100010111111101111111111110, flags=SA_RESTART|SA_SIGINFO, blocked
    SIGILL: crash_handler in libjvm.so, mask=11100100010111111101111111111110, flags=SA_RESTART|SA_SIGINFO, unblocked
   SIGUSR2: SR_handler in libjvm.so, mask=00000000000000000000000000000000, flags=SA_RESTART|SA_SIGINFO, blocked
    SIGHUP: SIG_DFL, mask=00000000000000000000000000000000, flags=none, blocked
    SIGINT: SIG_DFL, mask=00000000000000000000000000000000, flags=none, blocked
   SIGTERM: SIG_DFL, mask=00000000000000000000000000000000, flags=none, blocked
   SIGQUIT: UserHandler in libjvm.so, mask=11100100010111111101111111111110, flags=SA_RESTART|SA_SIGINFO, blocked
   SIGTRAP: crash_handler in libjvm.so, mask=11100100010111111101111111111110, flags=SA_RESTART|SA_SIGINFO, unblocked


Periodic native trim disabled

---------------  S Y S T E M  ---------------

OS:
DISTRIB_ID=Ubuntu
DISTRIB_RELEASE=24.04
DISTRIB_CODENAME=noble
DISTRIB_DESCRIPTION="Ubuntu 24.04.3 LTS"
uname: Linux 6.14.0-1015-aws #15~24.04.1-Ubuntu SMP Tue Sep 23 22:44:48 UTC 2025 x86_64
OS uptime: 0 days 1:07 hours
libc: glibc 2.39 NPTL 2.39 
rlimit (soft/hard): STACK 8192k/infinity , CORE 0k/infinity , NPROC 3739/3739 , NOFILE 1048576/1048576 , AS infinity/infinity , CPU infinity/infinity , DATA infinity/infinity , FSIZE infinity/infinity , MEMLOCK 122536k/122536k
load average: 0.26 0.08 0.02

/proc/meminfo:
MemTotal:         980296 kB
MemFree:          286072 kB
MemAvailable:     605056 kB
Buffers:           16288 kB
Cached:           427560 kB
SwapCached:            0 kB
Active:            84020 kB
Inactive:         427964 kB
Active(anon):      26184 kB
Inactive(anon):    64552 kB
Active(file):      57836 kB
Inactive(file):   363412 kB
Unevictable:       40228 kB
Mlocked:           27264 kB
SwapTotal:             0 kB
SwapFree:              0 kB
Zswap:                 0 kB
Zswapped:              0 kB
Dirty:               300 kB
Writeback:             0 kB
AnonPages:        108384 kB
Mapped:            96508 kB
Shmem:               900 kB
KReclaimable:      51028 kB
Slab:              98272 kB
SReclaimable:      51028 kB
SUnreclaim:        47244 kB
KernelStack:        2720 kB
PageTables:         4020 kB
SecPageTables:         0 kB
NFS_Unstable:          0 kB
Bounce:                0 kB
WritebackTmp:          0 kB
CommitLimit:      490148 kB
Committed_AS:     581388 kB
VmallocTotal:   34359738367 kB
VmallocUsed:        8592 kB
VmallocChunk:          0 kB
Percpu:             7936 kB
HardwareCorrupted:     0 kB
AnonHugePages:         0 kB
ShmemHugePages:        0 kB
ShmemPmdMapped:        0 kB
FileHugePages:         0 kB
FilePmdMapped:         0 kB
Unaccepted:            0 kB
HugePages_Total:       0
HugePages_Free:        0
HugePages_Rsvd:        0
HugePages_Surp:        0
Hugepagesize:       2048 kB
Hugetlb:               0 kB
DirectMap4k:       59392 kB
DirectMap2M:      989184 kB

/sys/kernel/mm/transparent_hugepage/enabled: always [madvise] never
/sys/kernel/mm/transparent_hugepage/hpage_pmd_size: 2097152
/sys/kernel/mm/transparent_hugepage/defrag (defrag/compaction efforts parameter): always defer defer+madvise [madvise] never

Process Memory:
Virtual Size: 1788672K (peak: 1788672K)
Resident Set Size: 21464K (peak: 21464K) (anon: 6784K, file: 14680K, shmem: 0K)
Swapped out: 0K
C-Heap outstanding allocations: 7253K, retained: 590K
glibc malloc tunables: (default)

/proc/sys/kernel/threads-max (system-wide limit on the number of threads): 7478
/proc/sys/vm/max_map_count (maximum number of memory map areas a process may have): 1048576
/proc/sys/vm/swappiness (control to define how aggressively the kernel swaps out anonymous memory): 60
/proc/sys/kernel/pid_max (system-wide limit on number of process identifiers): 4194304

container information not found.
Xen hardware-assisted virtualization detected
Steal ticks since vm start: 0
Steal ticks percentage since vm start:  0.000

CPU: total 15 (initial active 1) (1 cores per cpu, 1 threads per core) family 6 model 79 stepping 1 microcode 0xd000404, cx8, cmov, fxsr, mmx, sse, sse2, sse3, ssse3, sse4.1, sse4.2, popcnt, lzcnt, tsc, avx, avx2, aes, erms, clmul, bmi1, bmi2, fma, vzeroupper, clflush, hv, rdtscp, f16c
CPU Model and flags from /proc/cpuinfo:
model name	: Intel(R) Xeon(R) CPU E5-2686 v4 @ 2.30GHz
flags		: fpu vme de pse tsc msr pae mce cx8 apic sep mtrr pge mca cmov pat pse36 clflush mmx fxsr sse sse2 ht syscall nx rdtscp lm constant_tsc rep_good nopl xtopology cpuid tsc_known_freq pni pclmulqdq ssse3 fma cx16 pcid sse4_1 sse4_2 x2apic movbe popcnt tsc_deadline_timer aes xsave avx f16c rdrand hypervisor lahf_lm abm pti fsgsbase bmi1 avx2 smep bmi2 erms invpcid xsaveopt

Online cpus: 0
Offline cpus: 1-14
BIOS frequency limitation: <Not Available>
Frequency switch latency (ns): <Not Available>
Available cpu frequencies: <Not Available>
Current governor: <Not Available>
Core performance/turbo boost: <Not Available>

Memory: 4k page, physical 980296k(605056k free), swap 0k(0k free)
Page Sizes: 4k

vm_info: OpenJDK 64-Bit Server VM (21.0.9+10-Ubuntu-124.04) for linux-amd64 JRE (21.0.9+10-Ubuntu-124.04), built on 2025-10-23T12:36:23Z by "buildd" with gcc 13.3.0

END.
