[2025-12-11 17:00:21,110] INFO [QuorumController id=1] In the last 60000 ms period, 325 controller events were completed, which took an average of 9.45 ms each. The slowest event was writeNoOpRecord(1703606481), which took 26.16 ms. (org.apache.kafka.controller.EventPerformanceMonitor)
[2025-12-11 17:01:21,031] INFO [QuorumController id=1] Periodic task electPreferred generated 0 records in 21 microseconds. (org.apache.kafka.controller.PeriodicTaskControlManager)
[2025-12-11 17:01:21,031] INFO [QuorumController id=1] Periodic task electUnclean generated 0 records in 12 microseconds. (org.apache.kafka.controller.PeriodicTaskControlManager)
[2025-12-11 17:01:21,111] INFO [QuorumController id=1] In the last 60000 ms period, 326 controller events were completed, which took an average of 9.44 ms each. The slowest event was writeNoOpRecord(158053175), which took 26.73 ms. (org.apache.kafka.controller.EventPerformanceMonitor)
[2025-12-11 17:02:21,112] INFO [QuorumController id=1] In the last 60000 ms period, 324 controller events were completed, which took an average of 9.47 ms each. The slowest event was writeNoOpRecord(1752993261), which took 26.70 ms. (org.apache.kafka.controller.EventPerformanceMonitor)
[2025-12-11 17:03:21,112] INFO [QuorumController id=1] In the last 60000 ms period, 325 controller events were completed, which took an average of 9.41 ms each. The slowest event was writeNoOpRecord(698866283), which took 25.94 ms. (org.apache.kafka.controller.EventPerformanceMonitor)
[2025-12-11 17:04:21,112] INFO [QuorumController id=1] In the last 60000 ms period, 324 controller events were completed, which took an average of 9.46 ms each. The slowest event was writeNoOpRecord(556977669), which took 26.31 ms. (org.apache.kafka.controller.EventPerformanceMonitor)
[2025-12-11 17:05:21,112] INFO [QuorumController id=1] In the last 60000 ms period, 322 controller events were completed, which took an average of 9.46 ms each. The slowest event was writeNoOpRecord(909726605), which took 26.23 ms. (org.apache.kafka.controller.EventPerformanceMonitor)
[2025-12-11 17:06:21,031] INFO [QuorumController id=1] Periodic task electPreferred generated 0 records in 18 microseconds. (org.apache.kafka.controller.PeriodicTaskControlManager)
[2025-12-11 17:06:21,032] INFO [QuorumController id=1] Periodic task electUnclean generated 0 records in 13 microseconds. (org.apache.kafka.controller.PeriodicTaskControlManager)
[2025-12-11 17:06:21,113] INFO [QuorumController id=1] In the last 60000 ms period, 327 controller events were completed, which took an average of 9.75 ms each. The slowest event was writeNoOpRecord(1101366891), which took 26.62 ms. (org.apache.kafka.controller.EventPerformanceMonitor)
[2025-12-11 17:07:21,113] INFO [QuorumController id=1] In the last 60000 ms period, 324 controller events were completed, which took an average of 10.36 ms each. The slowest event was writeNoOpRecord(274897210), which took 26.31 ms. (org.apache.kafka.controller.EventPerformanceMonitor)
[2025-12-11 17:08:21,114] INFO [QuorumController id=1] In the last 60000 ms period, 324 controller events were completed, which took an average of 9.46 ms each. The slowest event was writeNoOpRecord(7487503), which took 26.94 ms. (org.apache.kafka.controller.EventPerformanceMonitor)
[2025-12-11 17:09:21,115] INFO [QuorumController id=1] In the last 60000 ms period, 325 controller events were completed, which took an average of 9.45 ms each. The slowest event was writeNoOpRecord(2035813796), which took 26.93 ms. (org.apache.kafka.controller.EventPerformanceMonitor)
[2025-12-11 17:10:21,115] INFO [QuorumController id=1] In the last 60000 ms period, 324 controller events were completed, which took an average of 9.54 ms each. The slowest event was writeNoOpRecord(73020330), which took 26.46 ms. (org.apache.kafka.controller.EventPerformanceMonitor)
[2025-12-11 17:11:21,032] INFO [QuorumController id=1] Periodic task electPreferred generated 0 records in 20 microseconds. (org.apache.kafka.controller.PeriodicTaskControlManager)
[2025-12-11 17:11:21,032] INFO [QuorumController id=1] Periodic task electUnclean generated 0 records in 10 microseconds. (org.apache.kafka.controller.PeriodicTaskControlManager)
[2025-12-11 17:11:21,116] INFO [QuorumController id=1] In the last 60000 ms period, 326 controller events were completed, which took an average of 9.42 ms each. The slowest event was writeNoOpRecord(1328745934), which took 26.74 ms. (org.apache.kafka.controller.EventPerformanceMonitor)
[2025-12-11 17:12:21,116] INFO [QuorumController id=1] In the last 60000 ms period, 325 controller events were completed, which took an average of 9.44 ms each. The slowest event was writeNoOpRecord(1879499293), which took 26.20 ms. (org.apache.kafka.controller.EventPerformanceMonitor)
[2025-12-11 17:13:21,116] INFO [QuorumController id=1] In the last 60000 ms period, 324 controller events were completed, which took an average of 9.48 ms each. The slowest event was writeNoOpRecord(1341545445), which took 26.78 ms. (org.apache.kafka.controller.EventPerformanceMonitor)
[2025-12-11 17:14:21,117] INFO [QuorumController id=1] In the last 60000 ms period, 324 controller events were completed, which took an average of 9.48 ms each. The slowest event was writeNoOpRecord(1151522372), which took 27.20 ms. (org.apache.kafka.controller.EventPerformanceMonitor)
[2025-12-11 17:15:21,117] INFO [QuorumController id=1] In the last 60000 ms period, 325 controller events were completed, which took an average of 9.45 ms each. The slowest event was writeNoOpRecord(1462324463), which took 26.70 ms. (org.apache.kafka.controller.EventPerformanceMonitor)
[2025-12-11 17:16:21,032] INFO [QuorumController id=1] Periodic task electPreferred generated 0 records in 19 microseconds. (org.apache.kafka.controller.PeriodicTaskControlManager)
[2025-12-11 17:16:21,032] INFO [QuorumController id=1] Periodic task electUnclean generated 0 records in 11 microseconds. (org.apache.kafka.controller.PeriodicTaskControlManager)
[2025-12-11 17:16:21,117] INFO [QuorumController id=1] In the last 60000 ms period, 326 controller events were completed, which took an average of 9.42 ms each. The slowest event was writeNoOpRecord(615394056), which took 26.50 ms. (org.apache.kafka.controller.EventPerformanceMonitor)
[2025-12-11 17:17:21,117] INFO [QuorumController id=1] In the last 60000 ms period, 324 controller events were completed, which took an average of 9.73 ms each. The slowest event was writeNoOpRecord(427807027), which took 26.15 ms. (org.apache.kafka.controller.EventPerformanceMonitor)
[2025-12-11 17:18:21,118] INFO [QuorumController id=1] In the last 60000 ms period, 325 controller events were completed, which took an average of 10.11 ms each. The slowest event was writeNoOpRecord(766601801), which took 26.09 ms. (org.apache.kafka.controller.EventPerformanceMonitor)
[2025-12-11 17:19:21,118] INFO [QuorumController id=1] In the last 60000 ms period, 324 controller events were completed, which took an average of 9.76 ms each. The slowest event was writeNoOpRecord(1326977093), which took 26.39 ms. (org.apache.kafka.controller.EventPerformanceMonitor)
[2025-12-11 17:20:21,118] INFO [QuorumController id=1] In the last 60000 ms period, 324 controller events were completed, which took an average of 9.49 ms each. The slowest event was writeNoOpRecord(1547140092), which took 26.50 ms. (org.apache.kafka.controller.EventPerformanceMonitor)
[2025-12-11 17:21:21,032] INFO [QuorumController id=1] Periodic task electPreferred generated 0 records in 18 microseconds. (org.apache.kafka.controller.PeriodicTaskControlManager)
[2025-12-11 17:21:21,032] INFO [QuorumController id=1] Periodic task electUnclean generated 0 records in 11 microseconds. (org.apache.kafka.controller.PeriodicTaskControlManager)
[2025-12-11 17:21:21,119] INFO [QuorumController id=1] In the last 60000 ms period, 326 controller events were completed, which took an average of 9.42 ms each. The slowest event was writeNoOpRecord(1310658774), which took 26.32 ms. (org.apache.kafka.controller.EventPerformanceMonitor)
[2025-12-11 17:22:21,119] INFO [QuorumController id=1] In the last 60000 ms period, 325 controller events were completed, which took an average of 9.45 ms each. The slowest event was writeNoOpRecord(1300759835), which took 26.33 ms. (org.apache.kafka.controller.EventPerformanceMonitor)
[2025-12-11 17:23:21,119] INFO [QuorumController id=1] In the last 60000 ms period, 324 controller events were completed, which took an average of 9.47 ms each. The slowest event was writeNoOpRecord(1012759222), which took 26.51 ms. (org.apache.kafka.controller.EventPerformanceMonitor)
[2025-12-11 17:24:21,119] INFO [QuorumController id=1] In the last 60000 ms period, 324 controller events were completed, which took an average of 9.48 ms each. The slowest event was writeNoOpRecord(1030744410), which took 26.45 ms. (org.apache.kafka.controller.EventPerformanceMonitor)
[2025-12-11 17:25:21,120] INFO [QuorumController id=1] In the last 60000 ms period, 325 controller events were completed, which took an average of 9.44 ms each. The slowest event was writeNoOpRecord(1930639146), which took 26.10 ms. (org.apache.kafka.controller.EventPerformanceMonitor)
[2025-12-11 17:26:21,033] INFO [QuorumController id=1] Periodic task electPreferred generated 0 records in 32 microseconds. (org.apache.kafka.controller.PeriodicTaskControlManager)
[2025-12-11 17:26:21,033] INFO [QuorumController id=1] Periodic task electUnclean generated 0 records in 13 microseconds. (org.apache.kafka.controller.PeriodicTaskControlManager)
[2025-12-11 17:26:21,120] INFO [QuorumController id=1] In the last 60000 ms period, 326 controller events were completed, which took an average of 9.45 ms each. The slowest event was writeNoOpRecord(98865810), which took 27.89 ms. (org.apache.kafka.controller.EventPerformanceMonitor)
[2025-12-11 17:27:21,120] INFO [QuorumController id=1] In the last 60000 ms period, 324 controller events were completed, which took an average of 9.48 ms each. The slowest event was writeNoOpRecord(1948952777), which took 26.60 ms. (org.apache.kafka.controller.EventPerformanceMonitor)
[2025-12-11 17:28:21,120] INFO [QuorumController id=1] In the last 60000 ms period, 325 controller events were completed, which took an average of 9.59 ms each. The slowest event was writeNoOpRecord(833109645), which took 26.40 ms. (org.apache.kafka.controller.EventPerformanceMonitor)
[2025-12-11 17:29:21,121] INFO [QuorumController id=1] In the last 60000 ms period, 324 controller events were completed, which took an average of 10.09 ms each. The slowest event was writeNoOpRecord(828353328), which took 26.91 ms. (org.apache.kafka.controller.EventPerformanceMonitor)
[2025-12-11 17:29:52,819] INFO [QuorumController id=1] Unfenced broker 1 has requested and been granted a controlled shutdown. (org.apache.kafka.controller.BrokerHeartbeatManager)
[2025-12-11 17:29:52,860] INFO [QuorumController id=1] enterControlledShutdown[1]: changing 52 partition(s) (org.apache.kafka.controller.ReplicationControlManager)
[2025-12-11 17:29:52,872] INFO [QuorumController id=1] Replayed BrokerRegistrationChangeRecord modifying the registration for broker 1: BrokerRegistrationChangeRecord(brokerId=1, brokerEpoch=169317, fenced=0, inControlledShutdown=1, logDirs=[]) (org.apache.kafka.controller.ClusterControlManager)
[2025-12-11 17:29:53,038] INFO [QuorumController id=1] The request from broker 1 to shut down has been granted since the lowest active offset 9223372036854775807 is now greater than the broker's controlled shutdown offset 196215. (org.apache.kafka.controller.BrokerHeartbeatManager)
[2025-12-11 17:29:53,089] INFO [QuorumController id=1] Replayed BrokerRegistrationChangeRecord modifying the registration for broker 1: BrokerRegistrationChangeRecord(brokerId=1, brokerEpoch=169317, fenced=1, inControlledShutdown=0, logDirs=[]) (org.apache.kafka.controller.ClusterControlManager)
[2025-12-11 17:29:54,351] INFO [QuorumController id=1] writeNoOpRecord: event unable to start processing because of RejectedExecutionException (treated as TimeoutException). Exception message: The event queue is shutting down (org.apache.kafka.controller.QuorumController)
[2025-12-11 17:29:54,351] INFO [QuorumController id=1] maybeFenceStaleBroker: event unable to start processing because of RejectedExecutionException (treated as TimeoutException). Exception message: The event queue is shutting down (org.apache.kafka.controller.QuorumController)
[2025-12-11 17:29:54,351] INFO [QuorumController id=1] generatePeriodicPerformanceMessage: event unable to start processing because of RejectedExecutionException (treated as TimeoutException). Exception message: The event queue is shutting down (org.apache.kafka.controller.QuorumController)
[2025-12-11 17:29:54,351] INFO [QuorumController id=1] electPreferred: event unable to start processing because of RejectedExecutionException (treated as TimeoutException). Exception message: The event queue is shutting down (org.apache.kafka.controller.QuorumController)
[2025-12-11 17:29:54,351] INFO [QuorumController id=1] electUnclean: event unable to start processing because of RejectedExecutionException (treated as TimeoutException). Exception message: The event queue is shutting down (org.apache.kafka.controller.QuorumController)
[2025-12-11 17:29:54,351] INFO [QuorumController id=1] expireDelegationTokens: event unable to start processing because of RejectedExecutionException (treated as TimeoutException). Exception message: The event queue is shutting down (org.apache.kafka.controller.QuorumController)
