[2025-12-11 17:29:52,750] INFO Terminating process due to signal SIGHUP (org.apache.kafka.common.utils.LoggingSignalHandler)
[2025-12-11 17:29:52,746] INFO Terminating process due to signal SIGTERM (org.apache.kafka.common.utils.LoggingSignalHandler)
[2025-12-11 17:29:52,749] INFO Terminating process due to signal SIGHUP (org.apache.kafka.common.utils.LoggingSignalHandler)
[2025-12-11 17:29:52,775] INFO [BrokerServer id=1] Transition from STARTED to SHUTTING_DOWN (kafka.server.BrokerServer)
[2025-12-11 17:29:52,787] INFO [BrokerServer id=1] shutting down (kafka.server.BrokerServer)
[2025-12-11 17:29:52,805] INFO [BrokerLifecycleManager id=1] Beginning controlled shutdown. (kafka.server.BrokerLifecycleManager)
[2025-12-11 17:29:52,977] INFO [BrokerLifecycleManager id=1] The broker is in PENDING_CONTROLLED_SHUTDOWN state, still waiting for the active controller. (kafka.server.BrokerLifecycleManager)
[2025-12-11 17:29:53,017] INFO [ReplicaFetcherManager on broker 1] Removed fetcher for partitions HashSet(__consumer_offsets-22, __consumer_offsets-30, __consumer_offsets-35, __consumer_offsets-37, __consumer_offsets-38, __consumer_offsets-13, water_bottle.sensor-0, __consumer_offsets-8, __consumer_offsets-21, __consumer_offsets-4, __consumer_offsets-27, __consumer_offsets-7, __consumer_offsets-9, __consumer_offsets-46, ledcommand-0, __consumer_offsets-25, __consumer_offsets-41, __consumer_offsets-33, __consumer_offsets-23, __consumer_offsets-49, __consumer_offsets-47, __consumer_offsets-16, __consumer_offsets-28, __consumer_offsets-31, __consumer_offsets-36, __consumer_offsets-42, __consumer_offsets-3, __consumer_offsets-18, __consumer_offsets-15, __consumer_offsets-24, __consumer_offsets-17, __consumer_offsets-48, __consumer_offsets-19, __consumer_offsets-11, __consumer_offsets-2, __consumer_offsets-43, __consumer_offsets-6, __consumer_offsets-14, __consumer_offsets-20, __consumer_offsets-0, __consumer_offsets-44, __consumer_offsets-39, __consumer_offsets-12, __consumer_offsets-45, __consumer_offsets-1, __consumer_offsets-5, __consumer_offsets-26, __consumer_offsets-29, __consumer_offsets-34, __consumer_offsets-10, __consumer_offsets-32, __consumer_offsets-40) (kafka.server.ReplicaFetcherManager)
[2025-12-11 17:29:53,017] INFO [ReplicaAlterLogDirsManager on broker 1] Removed fetcher for partitions HashSet(__consumer_offsets-22, __consumer_offsets-30, __consumer_offsets-35, __consumer_offsets-37, __consumer_offsets-38, __consumer_offsets-13, water_bottle.sensor-0, __consumer_offsets-8, __consumer_offsets-21, __consumer_offsets-4, __consumer_offsets-27, __consumer_offsets-7, __consumer_offsets-9, __consumer_offsets-46, ledcommand-0, __consumer_offsets-25, __consumer_offsets-41, __consumer_offsets-33, __consumer_offsets-23, __consumer_offsets-49, __consumer_offsets-47, __consumer_offsets-16, __consumer_offsets-28, __consumer_offsets-31, __consumer_offsets-36, __consumer_offsets-42, __consumer_offsets-3, __consumer_offsets-18, __consumer_offsets-15, __consumer_offsets-24, __consumer_offsets-17, __consumer_offsets-48, __consumer_offsets-19, __consumer_offsets-11, __consumer_offsets-2, __consumer_offsets-43, __consumer_offsets-6, __consumer_offsets-14, __consumer_offsets-20, __consumer_offsets-0, __consumer_offsets-44, __consumer_offsets-39, __consumer_offsets-12, __consumer_offsets-45, __consumer_offsets-1, __consumer_offsets-5, __consumer_offsets-26, __consumer_offsets-29, __consumer_offsets-34, __consumer_offsets-10, __consumer_offsets-32, __consumer_offsets-40) (kafka.server.ReplicaAlterLogDirsManager)
[2025-12-11 17:29:53,070] INFO [GroupCoordinator id=1] Scheduling unloading of metadata for __consumer_offsets-13 with epoch OptionalInt[9] (org.apache.kafka.coordinator.common.runtime.CoordinatorRuntime)
[2025-12-11 17:29:53,070] INFO [GroupCoordinator id=1] Scheduling unloading of metadata for __consumer_offsets-46 with epoch OptionalInt[9] (org.apache.kafka.coordinator.common.runtime.CoordinatorRuntime)
[2025-12-11 17:29:53,070] INFO [GroupCoordinator id=1] Scheduling unloading of metadata for __consumer_offsets-9 with epoch OptionalInt[9] (org.apache.kafka.coordinator.common.runtime.CoordinatorRuntime)
[2025-12-11 17:29:53,070] INFO [GroupCoordinator id=1] Scheduling unloading of metadata for __consumer_offsets-42 with epoch OptionalInt[9] (org.apache.kafka.coordinator.common.runtime.CoordinatorRuntime)
[2025-12-11 17:29:53,070] INFO [GroupCoordinator id=1] Scheduling unloading of metadata for __consumer_offsets-21 with epoch OptionalInt[9] (org.apache.kafka.coordinator.common.runtime.CoordinatorRuntime)
[2025-12-11 17:29:53,070] INFO [GroupCoordinator id=1] Scheduling unloading of metadata for __consumer_offsets-17 with epoch OptionalInt[9] (org.apache.kafka.coordinator.common.runtime.CoordinatorRuntime)
[2025-12-11 17:29:53,070] INFO [GroupCoordinator id=1] Scheduling unloading of metadata for __consumer_offsets-30 with epoch OptionalInt[9] (org.apache.kafka.coordinator.common.runtime.CoordinatorRuntime)
[2025-12-11 17:29:53,070] INFO [GroupCoordinator id=1] Scheduling unloading of metadata for __consumer_offsets-26 with epoch OptionalInt[9] (org.apache.kafka.coordinator.common.runtime.CoordinatorRuntime)
[2025-12-11 17:29:53,070] INFO [GroupCoordinator id=1] Scheduling unloading of metadata for __consumer_offsets-5 with epoch OptionalInt[9] (org.apache.kafka.coordinator.common.runtime.CoordinatorRuntime)
[2025-12-11 17:29:53,070] INFO [GroupCoordinator id=1] Scheduling unloading of metadata for __consumer_offsets-38 with epoch OptionalInt[9] (org.apache.kafka.coordinator.common.runtime.CoordinatorRuntime)
[2025-12-11 17:29:53,070] INFO [GroupCoordinator id=1] Scheduling unloading of metadata for __consumer_offsets-1 with epoch OptionalInt[9] (org.apache.kafka.coordinator.common.runtime.CoordinatorRuntime)
[2025-12-11 17:29:53,070] INFO [GroupCoordinator id=1] Scheduling unloading of metadata for __consumer_offsets-34 with epoch OptionalInt[9] (org.apache.kafka.coordinator.common.runtime.CoordinatorRuntime)
[2025-12-11 17:29:53,070] INFO [GroupCoordinator id=1] Scheduling unloading of metadata for __consumer_offsets-16 with epoch OptionalInt[9] (org.apache.kafka.coordinator.common.runtime.CoordinatorRuntime)
[2025-12-11 17:29:53,070] INFO [GroupCoordinator id=1] Scheduling unloading of metadata for __consumer_offsets-45 with epoch OptionalInt[9] (org.apache.kafka.coordinator.common.runtime.CoordinatorRuntime)
[2025-12-11 17:29:53,070] INFO [GroupCoordinator id=1] Scheduling unloading of metadata for __consumer_offsets-12 with epoch OptionalInt[9] (org.apache.kafka.coordinator.common.runtime.CoordinatorRuntime)
[2025-12-11 17:29:53,070] INFO [GroupCoordinator id=1] Scheduling unloading of metadata for __consumer_offsets-41 with epoch OptionalInt[9] (org.apache.kafka.coordinator.common.runtime.CoordinatorRuntime)
[2025-12-11 17:29:53,070] INFO [GroupCoordinator id=1] Scheduling unloading of metadata for __consumer_offsets-24 with epoch OptionalInt[9] (org.apache.kafka.coordinator.common.runtime.CoordinatorRuntime)
[2025-12-11 17:29:53,070] INFO [GroupCoordinator id=1] Scheduling unloading of metadata for __consumer_offsets-20 with epoch OptionalInt[9] (org.apache.kafka.coordinator.common.runtime.CoordinatorRuntime)
[2025-12-11 17:29:53,078] INFO [GroupCoordinator id=1] Scheduling unloading of metadata for __consumer_offsets-49 with epoch OptionalInt[9] (org.apache.kafka.coordinator.common.runtime.CoordinatorRuntime)
[2025-12-11 17:29:53,078] INFO [GroupCoordinator id=1] Scheduling unloading of metadata for __consumer_offsets-0 with epoch OptionalInt[9] (org.apache.kafka.coordinator.common.runtime.CoordinatorRuntime)
[2025-12-11 17:29:53,078] INFO [GroupCoordinator id=1] Scheduling unloading of metadata for __consumer_offsets-29 with epoch OptionalInt[9] (org.apache.kafka.coordinator.common.runtime.CoordinatorRuntime)
[2025-12-11 17:29:53,078] INFO [GroupCoordinator id=1] Scheduling unloading of metadata for __consumer_offsets-25 with epoch OptionalInt[9] (org.apache.kafka.coordinator.common.runtime.CoordinatorRuntime)
[2025-12-11 17:29:53,078] INFO [GroupCoordinator id=1] Scheduling unloading of metadata for __consumer_offsets-8 with epoch OptionalInt[9] (org.apache.kafka.coordinator.common.runtime.CoordinatorRuntime)
[2025-12-11 17:29:53,078] INFO [GroupCoordinator id=1] Scheduling unloading of metadata for __consumer_offsets-37 with epoch OptionalInt[9] (org.apache.kafka.coordinator.common.runtime.CoordinatorRuntime)
[2025-12-11 17:29:53,078] INFO [GroupCoordinator id=1] Scheduling unloading of metadata for __consumer_offsets-4 with epoch OptionalInt[9] (org.apache.kafka.coordinator.common.runtime.CoordinatorRuntime)
[2025-12-11 17:29:53,078] INFO [GroupCoordinator id=1] Scheduling unloading of metadata for __consumer_offsets-33 with epoch OptionalInt[9] (org.apache.kafka.coordinator.common.runtime.CoordinatorRuntime)
[2025-12-11 17:29:53,078] INFO [GroupCoordinator id=1] Scheduling unloading of metadata for __consumer_offsets-15 with epoch OptionalInt[9] (org.apache.kafka.coordinator.common.runtime.CoordinatorRuntime)
[2025-12-11 17:29:53,078] INFO [GroupCoordinator id=1] Scheduling unloading of metadata for __consumer_offsets-48 with epoch OptionalInt[9] (org.apache.kafka.coordinator.common.runtime.CoordinatorRuntime)
[2025-12-11 17:29:53,078] INFO [GroupCoordinator id=1] Scheduling unloading of metadata for __consumer_offsets-11 with epoch OptionalInt[9] (org.apache.kafka.coordinator.common.runtime.CoordinatorRuntime)
[2025-12-11 17:29:53,078] INFO [GroupCoordinator id=1] Scheduling unloading of metadata for __consumer_offsets-44 with epoch OptionalInt[9] (org.apache.kafka.coordinator.common.runtime.CoordinatorRuntime)
[2025-12-11 17:29:53,078] INFO [GroupCoordinator id=1] Scheduling unloading of metadata for __consumer_offsets-23 with epoch OptionalInt[9] (org.apache.kafka.coordinator.common.runtime.CoordinatorRuntime)
[2025-12-11 17:29:53,078] INFO [GroupCoordinator id=1] Scheduling unloading of metadata for __consumer_offsets-19 with epoch OptionalInt[9] (org.apache.kafka.coordinator.common.runtime.CoordinatorRuntime)
[2025-12-11 17:29:53,078] INFO [GroupCoordinator id=1] Scheduling unloading of metadata for __consumer_offsets-32 with epoch OptionalInt[9] (org.apache.kafka.coordinator.common.runtime.CoordinatorRuntime)
[2025-12-11 17:29:53,078] INFO [GroupCoordinator id=1] Scheduling unloading of metadata for __consumer_offsets-28 with epoch OptionalInt[9] (org.apache.kafka.coordinator.common.runtime.CoordinatorRuntime)
[2025-12-11 17:29:53,078] INFO [GroupCoordinator id=1] Scheduling unloading of metadata for __consumer_offsets-7 with epoch OptionalInt[9] (org.apache.kafka.coordinator.common.runtime.CoordinatorRuntime)
[2025-12-11 17:29:53,084] INFO [GroupCoordinator id=1] Scheduling unloading of metadata for __consumer_offsets-40 with epoch OptionalInt[9] (org.apache.kafka.coordinator.common.runtime.CoordinatorRuntime)
[2025-12-11 17:29:53,084] INFO [GroupCoordinator id=1] Scheduling unloading of metadata for __consumer_offsets-3 with epoch OptionalInt[9] (org.apache.kafka.coordinator.common.runtime.CoordinatorRuntime)
[2025-12-11 17:29:53,084] INFO [GroupCoordinator id=1] Scheduling unloading of metadata for __consumer_offsets-36 with epoch OptionalInt[9] (org.apache.kafka.coordinator.common.runtime.CoordinatorRuntime)
[2025-12-11 17:29:53,084] INFO [GroupCoordinator id=1] Scheduling unloading of metadata for __consumer_offsets-47 with epoch OptionalInt[9] (org.apache.kafka.coordinator.common.runtime.CoordinatorRuntime)
[2025-12-11 17:29:53,084] INFO [GroupCoordinator id=1] Scheduling unloading of metadata for __consumer_offsets-14 with epoch OptionalInt[9] (org.apache.kafka.coordinator.common.runtime.CoordinatorRuntime)
[2025-12-11 17:29:53,084] INFO [GroupCoordinator id=1] Scheduling unloading of metadata for __consumer_offsets-43 with epoch OptionalInt[9] (org.apache.kafka.coordinator.common.runtime.CoordinatorRuntime)
[2025-12-11 17:29:53,084] INFO [GroupCoordinator id=1] Scheduling unloading of metadata for __consumer_offsets-10 with epoch OptionalInt[9] (org.apache.kafka.coordinator.common.runtime.CoordinatorRuntime)
[2025-12-11 17:29:53,084] INFO [GroupCoordinator id=1] Scheduling unloading of metadata for __consumer_offsets-22 with epoch OptionalInt[9] (org.apache.kafka.coordinator.common.runtime.CoordinatorRuntime)
[2025-12-11 17:29:53,084] INFO [GroupCoordinator id=1] Scheduling unloading of metadata for __consumer_offsets-18 with epoch OptionalInt[9] (org.apache.kafka.coordinator.common.runtime.CoordinatorRuntime)
[2025-12-11 17:29:53,084] INFO [GroupCoordinator id=1] Scheduling unloading of metadata for __consumer_offsets-31 with epoch OptionalInt[9] (org.apache.kafka.coordinator.common.runtime.CoordinatorRuntime)
[2025-12-11 17:29:53,084] INFO [GroupCoordinator id=1] Scheduling unloading of metadata for __consumer_offsets-27 with epoch OptionalInt[9] (org.apache.kafka.coordinator.common.runtime.CoordinatorRuntime)
[2025-12-11 17:29:53,072] INFO [GroupCoordinator id=1] Started unloading metadata for __consumer_offsets-38 with epoch OptionalInt[9]. (org.apache.kafka.coordinator.common.runtime.CoordinatorRuntime)
[2025-12-11 17:29:53,072] INFO [GroupCoordinator id=1] Started unloading metadata for __consumer_offsets-13 with epoch OptionalInt[9]. (org.apache.kafka.coordinator.common.runtime.CoordinatorRuntime)
[2025-12-11 17:29:53,072] INFO [GroupCoordinator id=1] Started unloading metadata for __consumer_offsets-12 with epoch OptionalInt[9]. (org.apache.kafka.coordinator.common.runtime.CoordinatorRuntime)
[2025-12-11 17:29:53,072] INFO [GroupCoordinator id=1] Started unloading metadata for __consumer_offsets-46 with epoch OptionalInt[9]. (org.apache.kafka.coordinator.common.runtime.CoordinatorRuntime)
[2025-12-11 17:29:53,092] INFO [GroupCoordinator id=1] Finished unloading metadata for __consumer_offsets-46 with epoch OptionalInt[9]. (org.apache.kafka.coordinator.common.runtime.CoordinatorRuntime)
[2025-12-11 17:29:53,092] INFO [GroupCoordinator id=1] Started unloading metadata for __consumer_offsets-21 with epoch OptionalInt[9]. (org.apache.kafka.coordinator.common.runtime.CoordinatorRuntime)
[2025-12-11 17:29:53,092] INFO [GroupCoordinator id=1] Finished unloading metadata for __consumer_offsets-21 with epoch OptionalInt[9]. (org.apache.kafka.coordinator.common.runtime.CoordinatorRuntime)
[2025-12-11 17:29:53,092] INFO [GroupCoordinator id=1] Started unloading metadata for __consumer_offsets-40 with epoch OptionalInt[9]. (org.apache.kafka.coordinator.common.runtime.CoordinatorRuntime)
[2025-12-11 17:29:53,092] INFO [GroupCoordinator id=1] Finished unloading metadata for __consumer_offsets-40 with epoch OptionalInt[9]. (org.apache.kafka.coordinator.common.runtime.CoordinatorRuntime)
[2025-12-11 17:29:53,092] INFO [GroupCoordinator id=1] Started unloading metadata for __consumer_offsets-32 with epoch OptionalInt[9]. (org.apache.kafka.coordinator.common.runtime.CoordinatorRuntime)
[2025-12-11 17:29:53,092] INFO [GroupCoordinator id=1] Finished unloading metadata for __consumer_offsets-32 with epoch OptionalInt[9]. (org.apache.kafka.coordinator.common.runtime.CoordinatorRuntime)
[2025-12-11 17:29:53,092] INFO [GroupCoordinator id=1] Started unloading metadata for __consumer_offsets-47 with epoch OptionalInt[9]. (org.apache.kafka.coordinator.common.runtime.CoordinatorRuntime)
[2025-12-11 17:29:53,092] INFO [GroupCoordinator id=1] Finished unloading metadata for __consumer_offsets-47 with epoch OptionalInt[9]. (org.apache.kafka.coordinator.common.runtime.CoordinatorRuntime)
[2025-12-11 17:29:53,092] INFO [GroupCoordinator id=1] Started unloading metadata for __consumer_offsets-41 with epoch OptionalInt[9]. (org.apache.kafka.coordinator.common.runtime.CoordinatorRuntime)
[2025-12-11 17:29:53,092] INFO [GroupCoordinator id=1] Finished unloading metadata for __consumer_offsets-41 with epoch OptionalInt[9]. (org.apache.kafka.coordinator.common.runtime.CoordinatorRuntime)
[2025-12-11 17:29:53,092] INFO [GroupCoordinator id=1] Started unloading metadata for __consumer_offsets-1 with epoch OptionalInt[9]. (org.apache.kafka.coordinator.common.runtime.CoordinatorRuntime)
[2025-12-11 17:29:53,092] INFO [GroupCoordinator id=1] Finished unloading metadata for __consumer_offsets-1 with epoch OptionalInt[9]. (org.apache.kafka.coordinator.common.runtime.CoordinatorRuntime)
[2025-12-11 17:29:53,092] INFO [GroupCoordinator id=1] Started unloading metadata for __consumer_offsets-15 with epoch OptionalInt[9]. (org.apache.kafka.coordinator.common.runtime.CoordinatorRuntime)
[2025-12-11 17:29:53,092] INFO [GroupCoordinator id=1] Finished unloading metadata for __consumer_offsets-15 with epoch OptionalInt[9]. (org.apache.kafka.coordinator.common.runtime.CoordinatorRuntime)
[2025-12-11 17:29:53,092] INFO [GroupCoordinator id=1] Started unloading metadata for __consumer_offsets-25 with epoch OptionalInt[9]. (org.apache.kafka.coordinator.common.runtime.CoordinatorRuntime)
[2025-12-11 17:29:53,092] INFO [GroupCoordinator id=1] Finished unloading metadata for __consumer_offsets-25 with epoch OptionalInt[9]. (org.apache.kafka.coordinator.common.runtime.CoordinatorRuntime)
[2025-12-11 17:29:53,092] INFO [GroupCoordinator id=1] Started unloading metadata for __consumer_offsets-43 with epoch OptionalInt[9]. (org.apache.kafka.coordinator.common.runtime.CoordinatorRuntime)
[2025-12-11 17:29:53,092] INFO [GroupCoordinator id=1] Finished unloading metadata for __consumer_offsets-43 with epoch OptionalInt[9]. (org.apache.kafka.coordinator.common.runtime.CoordinatorRuntime)
[2025-12-11 17:29:53,092] INFO [GroupCoordinator id=1] Started unloading metadata for __consumer_offsets-23 with epoch OptionalInt[9]. (org.apache.kafka.coordinator.common.runtime.CoordinatorRuntime)
[2025-12-11 17:29:53,092] INFO [GroupCoordinator id=1] Finished unloading metadata for __consumer_offsets-23 with epoch OptionalInt[9]. (org.apache.kafka.coordinator.common.runtime.CoordinatorRuntime)
[2025-12-11 17:29:53,092] INFO [GroupCoordinator id=1] Started unloading metadata for __consumer_offsets-3 with epoch OptionalInt[9]. (org.apache.kafka.coordinator.common.runtime.CoordinatorRuntime)
[2025-12-11 17:29:53,104] INFO [GroupCoordinator id=1] Finished unloading metadata for __consumer_offsets-3 with epoch OptionalInt[9]. (org.apache.kafka.coordinator.common.runtime.CoordinatorRuntime)
[2025-12-11 17:29:53,104] INFO [GroupCoordinator id=1] Started unloading metadata for __consumer_offsets-29 with epoch OptionalInt[9]. (org.apache.kafka.coordinator.common.runtime.CoordinatorRuntime)
[2025-12-11 17:29:53,104] INFO [GroupCoordinator id=1] Finished unloading metadata for __consumer_offsets-29 with epoch OptionalInt[9]. (org.apache.kafka.coordinator.common.runtime.CoordinatorRuntime)
[2025-12-11 17:29:53,104] INFO [GroupCoordinator id=1] Started unloading metadata for __consumer_offsets-37 with epoch OptionalInt[9]. (org.apache.kafka.coordinator.common.runtime.CoordinatorRuntime)
[2025-12-11 17:29:53,104] INFO [GroupCoordinator id=1] Finished unloading metadata for __consumer_offsets-37 with epoch OptionalInt[9]. (org.apache.kafka.coordinator.common.runtime.CoordinatorRuntime)
[2025-12-11 17:29:53,104] INFO [GroupCoordinator id=1] Started unloading metadata for __consumer_offsets-17 with epoch OptionalInt[9]. (org.apache.kafka.coordinator.common.runtime.CoordinatorRuntime)
[2025-12-11 17:29:53,104] INFO [GroupCoordinator id=1] Finished unloading metadata for __consumer_offsets-17 with epoch OptionalInt[9]. (org.apache.kafka.coordinator.common.runtime.CoordinatorRuntime)
[2025-12-11 17:29:53,104] INFO [GroupCoordinator id=1] Started unloading metadata for __consumer_offsets-30 with epoch OptionalInt[9]. (org.apache.kafka.coordinator.common.runtime.CoordinatorRuntime)
[2025-12-11 17:29:53,104] INFO [GroupCoordinator id=1] Finished unloading metadata for __consumer_offsets-30 with epoch OptionalInt[9]. (org.apache.kafka.coordinator.common.runtime.CoordinatorRuntime)
[2025-12-11 17:29:53,104] INFO [GroupCoordinator id=1] Started unloading metadata for __consumer_offsets-5 with epoch OptionalInt[9]. (org.apache.kafka.coordinator.common.runtime.CoordinatorRuntime)
[2025-12-11 17:29:53,104] INFO [GroupCoordinator id=1] Finished unloading metadata for __consumer_offsets-5 with epoch OptionalInt[9]. (org.apache.kafka.coordinator.common.runtime.CoordinatorRuntime)
[2025-12-11 17:29:53,103] INFO [GroupCoordinator id=1] Finished unloading metadata for __consumer_offsets-13 with epoch OptionalInt[9]. (org.apache.kafka.coordinator.common.runtime.CoordinatorRuntime)
[2025-12-11 17:29:53,106] INFO [GroupCoordinator id=1] Started unloading metadata for __consumer_offsets-14 with epoch OptionalInt[9]. (org.apache.kafka.coordinator.common.runtime.CoordinatorRuntime)
[2025-12-11 17:29:53,106] INFO [GroupCoordinator id=1] Finished unloading metadata for __consumer_offsets-14 with epoch OptionalInt[9]. (org.apache.kafka.coordinator.common.runtime.CoordinatorRuntime)
[2025-12-11 17:29:53,106] INFO [GroupCoordinator id=1] Started unloading metadata for __consumer_offsets-18 with epoch OptionalInt[9]. (org.apache.kafka.coordinator.common.runtime.CoordinatorRuntime)
[2025-12-11 17:29:53,106] INFO [GroupCoordinator id=1] Finished unloading metadata for __consumer_offsets-18 with epoch OptionalInt[9]. (org.apache.kafka.coordinator.common.runtime.CoordinatorRuntime)
[2025-12-11 17:29:53,106] INFO [GroupCoordinator id=1] Started unloading metadata for __consumer_offsets-11 with epoch OptionalInt[9]. (org.apache.kafka.coordinator.common.runtime.CoordinatorRuntime)
[2025-12-11 17:29:53,106] INFO [GroupCoordinator id=1] Finished unloading metadata for __consumer_offsets-11 with epoch OptionalInt[9]. (org.apache.kafka.coordinator.common.runtime.CoordinatorRuntime)
[2025-12-11 17:29:53,106] INFO [GroupCoordinator id=1] Started unloading metadata for __consumer_offsets-48 with epoch OptionalInt[9]. (org.apache.kafka.coordinator.common.runtime.CoordinatorRuntime)
[2025-12-11 17:29:53,106] INFO [GroupCoordinator id=1] Finished unloading metadata for __consumer_offsets-48 with epoch OptionalInt[9]. (org.apache.kafka.coordinator.common.runtime.CoordinatorRuntime)
[2025-12-11 17:29:53,106] INFO [GroupCoordinator id=1] Started unloading metadata for __consumer_offsets-4 with epoch OptionalInt[9]. (org.apache.kafka.coordinator.common.runtime.CoordinatorRuntime)
[2025-12-11 17:29:53,106] INFO [GroupCoordinator id=1] Finished unloading metadata for __consumer_offsets-4 with epoch OptionalInt[9]. (org.apache.kafka.coordinator.common.runtime.CoordinatorRuntime)
[2025-12-11 17:29:53,106] INFO [GroupCoordinator id=1] Started unloading metadata for __consumer_offsets-24 with epoch OptionalInt[9]. (org.apache.kafka.coordinator.common.runtime.CoordinatorRuntime)
[2025-12-11 17:29:53,106] INFO [GroupCoordinator id=1] Finished unloading metadata for __consumer_offsets-24 with epoch OptionalInt[9]. (org.apache.kafka.coordinator.common.runtime.CoordinatorRuntime)
[2025-12-11 17:29:53,106] INFO [GroupCoordinator id=1] Started unloading metadata for __consumer_offsets-7 with epoch OptionalInt[9]. (org.apache.kafka.coordinator.common.runtime.CoordinatorRuntime)
[2025-12-11 17:29:53,106] INFO [GroupCoordinator id=1] Finished unloading metadata for __consumer_offsets-7 with epoch OptionalInt[9]. (org.apache.kafka.coordinator.common.runtime.CoordinatorRuntime)
[2025-12-11 17:29:53,106] INFO [GroupCoordinator id=1] Started unloading metadata for __consumer_offsets-8 with epoch OptionalInt[9]. (org.apache.kafka.coordinator.common.runtime.CoordinatorRuntime)
[2025-12-11 17:29:53,106] INFO [GroupCoordinator id=1] Finished unloading metadata for __consumer_offsets-8 with epoch OptionalInt[9]. (org.apache.kafka.coordinator.common.runtime.CoordinatorRuntime)
[2025-12-11 17:29:53,106] INFO [GroupCoordinator id=1] Started unloading metadata for __consumer_offsets-28 with epoch OptionalInt[9]. (org.apache.kafka.coordinator.common.runtime.CoordinatorRuntime)
[2025-12-11 17:29:53,106] INFO [GroupCoordinator id=1] Finished unloading metadata for __consumer_offsets-28 with epoch OptionalInt[9]. (org.apache.kafka.coordinator.common.runtime.CoordinatorRuntime)
[2025-12-11 17:29:53,106] INFO [GroupCoordinator id=1] Started unloading metadata for __consumer_offsets-33 with epoch OptionalInt[9]. (org.apache.kafka.coordinator.common.runtime.CoordinatorRuntime)
[2025-12-11 17:29:53,106] INFO [GroupCoordinator id=1] Finished unloading metadata for __consumer_offsets-33 with epoch OptionalInt[9]. (org.apache.kafka.coordinator.common.runtime.CoordinatorRuntime)
[2025-12-11 17:29:53,104] INFO [GroupCoordinator id=1] Started unloading metadata for __consumer_offsets-22 with epoch OptionalInt[9]. (org.apache.kafka.coordinator.common.runtime.CoordinatorRuntime)
[2025-12-11 17:29:53,106] INFO [GroupCoordinator id=1] Started unloading metadata for __consumer_offsets-27 with epoch OptionalInt[9]. (org.apache.kafka.coordinator.common.runtime.CoordinatorRuntime)
[2025-12-11 17:29:53,125] INFO [GroupCoordinator id=1] Finished unloading metadata for __consumer_offsets-27 with epoch OptionalInt[9]. (org.apache.kafka.coordinator.common.runtime.CoordinatorRuntime)
[2025-12-11 17:29:53,125] INFO [GroupCoordinator id=1] Started unloading metadata for __consumer_offsets-16 with epoch OptionalInt[9]. (org.apache.kafka.coordinator.common.runtime.CoordinatorRuntime)
[2025-12-11 17:29:53,125] INFO [GroupCoordinator id=1] Finished unloading metadata for __consumer_offsets-16 with epoch OptionalInt[9]. (org.apache.kafka.coordinator.common.runtime.CoordinatorRuntime)
[2025-12-11 17:29:53,125] INFO [GroupCoordinator id=1] Started unloading metadata for __consumer_offsets-36 with epoch OptionalInt[9]. (org.apache.kafka.coordinator.common.runtime.CoordinatorRuntime)
[2025-12-11 17:29:53,125] INFO [GroupCoordinator id=1] Finished unloading metadata for __consumer_offsets-36 with epoch OptionalInt[9]. (org.apache.kafka.coordinator.common.runtime.CoordinatorRuntime)
[2025-12-11 17:29:53,125] INFO [GroupCoordinator id=1] Started unloading metadata for __consumer_offsets-44 with epoch OptionalInt[9]. (org.apache.kafka.coordinator.common.runtime.CoordinatorRuntime)
[2025-12-11 17:29:53,125] INFO [GroupCoordinator id=1] Finished unloading metadata for __consumer_offsets-44 with epoch OptionalInt[9]. (org.apache.kafka.coordinator.common.runtime.CoordinatorRuntime)
[2025-12-11 17:29:53,125] INFO [GroupCoordinator id=1] Started unloading metadata for __consumer_offsets-20 with epoch OptionalInt[9]. (org.apache.kafka.coordinator.common.runtime.CoordinatorRuntime)
[2025-12-11 17:29:53,096] INFO [GroupCoordinator id=1] Scheduling unloading of metadata for __consumer_offsets-39 with epoch OptionalInt[9] (org.apache.kafka.coordinator.common.runtime.CoordinatorRuntime)
[2025-12-11 17:29:53,126] INFO [GroupCoordinator id=1] Scheduling unloading of metadata for __consumer_offsets-6 with epoch OptionalInt[9] (org.apache.kafka.coordinator.common.runtime.CoordinatorRuntime)
[2025-12-11 17:29:53,126] INFO [GroupCoordinator id=1] Scheduling unloading of metadata for __consumer_offsets-35 with epoch OptionalInt[9] (org.apache.kafka.coordinator.common.runtime.CoordinatorRuntime)
[2025-12-11 17:29:53,126] INFO [GroupCoordinator id=1] Scheduling unloading of metadata for __consumer_offsets-2 with epoch OptionalInt[9] (org.apache.kafka.coordinator.common.runtime.CoordinatorRuntime)
[2025-12-11 17:29:53,120] INFO [GroupCoordinator id=1] Finished unloading metadata for __consumer_offsets-12 with epoch OptionalInt[9]. (org.apache.kafka.coordinator.common.runtime.CoordinatorRuntime)
[2025-12-11 17:29:53,129] INFO [GroupCoordinator id=1] Started unloading metadata for __consumer_offsets-39 with epoch OptionalInt[9]. (org.apache.kafka.coordinator.common.runtime.CoordinatorRuntime)
[2025-12-11 17:29:53,129] INFO [GroupCoordinator id=1] Finished unloading metadata for __consumer_offsets-39 with epoch OptionalInt[9]. (org.apache.kafka.coordinator.common.runtime.CoordinatorRuntime)
[2025-12-11 17:29:53,129] INFO [GroupCoordinator id=1] Started unloading metadata for __consumer_offsets-19 with epoch OptionalInt[9]. (org.apache.kafka.coordinator.common.runtime.CoordinatorRuntime)
[2025-12-11 17:29:53,129] INFO [GroupCoordinator id=1] Finished unloading metadata for __consumer_offsets-19 with epoch OptionalInt[9]. (org.apache.kafka.coordinator.common.runtime.CoordinatorRuntime)
[2025-12-11 17:29:53,125] INFO [GroupCoordinator id=1] Finished unloading metadata for __consumer_offsets-20 with epoch OptionalInt[9]. (org.apache.kafka.coordinator.common.runtime.CoordinatorRuntime)
[2025-12-11 17:29:53,129] INFO [GroupCoordinator id=1] Started unloading metadata for __consumer_offsets-49 with epoch OptionalInt[9]. (org.apache.kafka.coordinator.common.runtime.CoordinatorRuntime)
[2025-12-11 17:29:53,130] INFO [GroupCoordinator id=1] Finished unloading metadata for __consumer_offsets-49 with epoch OptionalInt[9]. (org.apache.kafka.coordinator.common.runtime.CoordinatorRuntime)
[2025-12-11 17:29:53,130] INFO [GroupCoordinator id=1] Started unloading metadata for __consumer_offsets-0 with epoch OptionalInt[9]. (org.apache.kafka.coordinator.common.runtime.CoordinatorRuntime)
[2025-12-11 17:29:53,130] INFO [GroupCoordinator id=1 topic=__consumer_offsets partition=0] [GroupId=water_influx_writer] Unloading group metadata for generation 26. (org.apache.kafka.coordinator.group.GroupMetadataManager)
[2025-12-11 17:29:53,133] INFO [GroupCoordinator id=1] Finished unloading metadata for __consumer_offsets-0 with epoch OptionalInt[9]. (org.apache.kafka.coordinator.common.runtime.CoordinatorRuntime)
[2025-12-11 17:29:53,133] INFO [GroupCoordinator id=1] Started unloading metadata for __consumer_offsets-6 with epoch OptionalInt[9]. (org.apache.kafka.coordinator.common.runtime.CoordinatorRuntime)
[2025-12-11 17:29:53,133] INFO [GroupCoordinator id=1] Finished unloading metadata for __consumer_offsets-6 with epoch OptionalInt[9]. (org.apache.kafka.coordinator.common.runtime.CoordinatorRuntime)
[2025-12-11 17:29:53,133] INFO [GroupCoordinator id=1] Started unloading metadata for __consumer_offsets-26 with epoch OptionalInt[9]. (org.apache.kafka.coordinator.common.runtime.CoordinatorRuntime)
[2025-12-11 17:29:53,133] INFO [GroupCoordinator id=1] Finished unloading metadata for __consumer_offsets-26 with epoch OptionalInt[9]. (org.apache.kafka.coordinator.common.runtime.CoordinatorRuntime)
[2025-12-11 17:29:53,133] INFO [GroupCoordinator id=1] Started unloading metadata for __consumer_offsets-45 with epoch OptionalInt[9]. (org.apache.kafka.coordinator.common.runtime.CoordinatorRuntime)
[2025-12-11 17:29:53,133] INFO [GroupCoordinator id=1] Finished unloading metadata for __consumer_offsets-45 with epoch OptionalInt[9]. (org.apache.kafka.coordinator.common.runtime.CoordinatorRuntime)
[2025-12-11 17:29:53,133] INFO [GroupCoordinator id=1] Started unloading metadata for __consumer_offsets-34 with epoch OptionalInt[9]. (org.apache.kafka.coordinator.common.runtime.CoordinatorRuntime)
[2025-12-11 17:29:53,133] INFO [GroupCoordinator id=1] Finished unloading metadata for __consumer_offsets-34 with epoch OptionalInt[9]. (org.apache.kafka.coordinator.common.runtime.CoordinatorRuntime)
[2025-12-11 17:29:53,133] INFO [GroupCoordinator id=1] Started unloading metadata for __consumer_offsets-31 with epoch OptionalInt[9]. (org.apache.kafka.coordinator.common.runtime.CoordinatorRuntime)
[2025-12-11 17:29:53,133] INFO [GroupCoordinator id=1] Finished unloading metadata for __consumer_offsets-31 with epoch OptionalInt[9]. (org.apache.kafka.coordinator.common.runtime.CoordinatorRuntime)
[2025-12-11 17:29:53,133] INFO [GroupCoordinator id=1] Started unloading metadata for __consumer_offsets-9 with epoch OptionalInt[9]. (org.apache.kafka.coordinator.common.runtime.CoordinatorRuntime)
[2025-12-11 17:29:53,133] INFO [GroupCoordinator id=1] Finished unloading metadata for __consumer_offsets-9 with epoch OptionalInt[9]. (org.apache.kafka.coordinator.common.runtime.CoordinatorRuntime)
[2025-12-11 17:29:53,133] INFO [GroupCoordinator id=1] Started unloading metadata for __consumer_offsets-42 with epoch OptionalInt[9]. (org.apache.kafka.coordinator.common.runtime.CoordinatorRuntime)
[2025-12-11 17:29:53,133] INFO [GroupCoordinator id=1] Finished unloading metadata for __consumer_offsets-42 with epoch OptionalInt[9]. (org.apache.kafka.coordinator.common.runtime.CoordinatorRuntime)
[2025-12-11 17:29:53,133] INFO [GroupCoordinator id=1] Started unloading metadata for __consumer_offsets-35 with epoch OptionalInt[9]. (org.apache.kafka.coordinator.common.runtime.CoordinatorRuntime)
[2025-12-11 17:29:53,133] INFO [GroupCoordinator id=1] Finished unloading metadata for __consumer_offsets-35 with epoch OptionalInt[9]. (org.apache.kafka.coordinator.common.runtime.CoordinatorRuntime)
[2025-12-11 17:29:53,117] INFO [GroupCoordinator id=1] Finished unloading metadata for __consumer_offsets-22 with epoch OptionalInt[9]. (org.apache.kafka.coordinator.common.runtime.CoordinatorRuntime)
[2025-12-11 17:29:53,156] INFO [GroupCoordinator id=1] Started unloading metadata for __consumer_offsets-10 with epoch OptionalInt[9]. (org.apache.kafka.coordinator.common.runtime.CoordinatorRuntime)
[2025-12-11 17:29:53,156] INFO [GroupCoordinator id=1] Finished unloading metadata for __consumer_offsets-10 with epoch OptionalInt[9]. (org.apache.kafka.coordinator.common.runtime.CoordinatorRuntime)
[2025-12-11 17:29:53,116] INFO [GroupCoordinator id=1] Finished unloading metadata for __consumer_offsets-38 with epoch OptionalInt[9]. (org.apache.kafka.coordinator.common.runtime.CoordinatorRuntime)
[2025-12-11 17:29:53,143] INFO [BrokerLifecycleManager id=1] The controller has asked us to exit controlled shutdown. (kafka.server.BrokerLifecycleManager)
[2025-12-11 17:29:53,156] INFO [BrokerLifecycleManager id=1] beginShutdown: shutting down event queue. (org.apache.kafka.queue.KafkaEventQueue)
[2025-12-11 17:29:53,130] INFO [GroupCoordinator id=1] Started unloading metadata for __consumer_offsets-2 with epoch OptionalInt[9]. (org.apache.kafka.coordinator.common.runtime.CoordinatorRuntime)
[2025-12-11 17:29:53,159] INFO [GroupCoordinator id=1] Finished unloading metadata for __consumer_offsets-2 with epoch OptionalInt[9]. (org.apache.kafka.coordinator.common.runtime.CoordinatorRuntime)
[2025-12-11 17:29:53,180] INFO [BrokerLifecycleManager id=1] Transitioning from PENDING_CONTROLLED_SHUTDOWN to SHUTTING_DOWN. (kafka.server.BrokerLifecycleManager)
[2025-12-11 17:29:53,181] INFO [broker-1-to-controller-heartbeat-channel-manager]: Shutting down (kafka.server.NodeToControllerRequestThread)
[2025-12-11 17:29:53,185] INFO [SocketServer listenerType=BROKER, nodeId=1] Stopping socket server request processors (kafka.network.SocketServer)
[2025-12-11 17:29:53,187] INFO [broker-1-to-controller-heartbeat-channel-manager]: Stopped (kafka.server.NodeToControllerRequestThread)
[2025-12-11 17:29:53,187] INFO [broker-1-to-controller-heartbeat-channel-manager]: Shutdown completed (kafka.server.NodeToControllerRequestThread)
[2025-12-11 17:29:53,279] INFO [SocketServer listenerType=BROKER, nodeId=1] Stopped socket server request processors (kafka.network.SocketServer)
[2025-12-11 17:29:53,294] INFO [data-plane Kafka Request Handler on Broker 1], shutting down (kafka.server.KafkaRequestHandlerPool)
[2025-12-11 17:29:53,304] INFO Node to controller channel manager for heartbeat shutdown (kafka.server.NodeToControllerChannelManagerImpl)
[2025-12-11 17:29:53,312] INFO [data-plane Kafka Request Handler on Broker 1], shut down completely (kafka.server.KafkaRequestHandlerPool)
[2025-12-11 17:29:53,316] INFO [ExpirationReaper-0-null]: Shutting down (org.apache.kafka.server.purgatory.DelayedOperationPurgatory$ExpiredOperationReaper)
[2025-12-11 17:29:53,318] INFO [ExpirationReaper-0-null]: Stopped (org.apache.kafka.server.purgatory.DelayedOperationPurgatory$ExpiredOperationReaper)
[2025-12-11 17:29:53,318] INFO [ExpirationReaper-0-null]: Shutdown completed (org.apache.kafka.server.purgatory.DelayedOperationPurgatory$ExpiredOperationReaper)
[2025-12-11 17:29:53,330] INFO [KafkaApi-1] Shutdown complete. (kafka.server.KafkaApis)
[2025-12-11 17:29:53,342] INFO [TransactionCoordinator id=1] Shutting down. (kafka.coordinator.transaction.TransactionCoordinator)
[2025-12-11 17:29:53,349] INFO [Transaction State Manager 1]: Shutdown complete (kafka.coordinator.transaction.TransactionStateManager)
[2025-12-11 17:29:53,349] INFO [TxnMarkerSenderThread-1]: Shutting down (kafka.coordinator.transaction.TransactionMarkerChannelManager)
[2025-12-11 17:29:53,351] INFO [TxnMarkerSenderThread-1]: Stopped (kafka.coordinator.transaction.TransactionMarkerChannelManager)
[2025-12-11 17:29:53,352] INFO [TxnMarkerSenderThread-1]: Shutdown completed (kafka.coordinator.transaction.TransactionMarkerChannelManager)
[2025-12-11 17:29:53,403] INFO [TransactionCoordinator id=1] Shutdown complete. (kafka.coordinator.transaction.TransactionCoordinator)
[2025-12-11 17:29:53,410] INFO [GroupCoordinator id=1] Shutting down. (org.apache.kafka.coordinator.group.GroupCoordinatorService)
[2025-12-11 17:29:53,416] INFO [GroupCoordinator id=1] Closing coordinator runtime. (org.apache.kafka.coordinator.common.runtime.CoordinatorRuntime)
[2025-12-11 17:29:53,417] INFO [group-coordinator-reaper]: Shutting down (org.apache.kafka.server.util.timer.SystemTimerReaper$Reaper)
[2025-12-11 17:29:53,417] INFO [group-coordinator-reaper]: Stopped (org.apache.kafka.server.util.timer.SystemTimerReaper$Reaper)
[2025-12-11 17:29:53,418] INFO [group-coordinator-reaper]: Shutdown completed (org.apache.kafka.server.util.timer.SystemTimerReaper$Reaper)
[2025-12-11 17:29:53,422] INFO [GroupCoordinator id=1] Shutting down event processor. (org.apache.kafka.coordinator.common.runtime.MultiThreadedEventProcessor)
[2025-12-11 17:29:53,423] INFO [group-coordinator-event-processor-3]: Shutting down. Draining the remaining events. (org.apache.kafka.coordinator.common.runtime.MultiThreadedEventProcessor$EventProcessorThread)
[2025-12-11 17:29:53,423] INFO [group-coordinator-event-processor-3]: Shutdown completed (org.apache.kafka.coordinator.common.runtime.MultiThreadedEventProcessor$EventProcessorThread)
[2025-12-11 17:29:53,424] INFO [group-coordinator-event-processor-0]: Shutting down. Draining the remaining events. (org.apache.kafka.coordinator.common.runtime.MultiThreadedEventProcessor$EventProcessorThread)
[2025-12-11 17:29:53,424] INFO [group-coordinator-event-processor-0]: Shutdown completed (org.apache.kafka.coordinator.common.runtime.MultiThreadedEventProcessor$EventProcessorThread)
[2025-12-11 17:29:53,424] INFO [group-coordinator-event-processor-1]: Shutting down. Draining the remaining events. (org.apache.kafka.coordinator.common.runtime.MultiThreadedEventProcessor$EventProcessorThread)
[2025-12-11 17:29:53,424] INFO [group-coordinator-event-processor-1]: Shutdown completed (org.apache.kafka.coordinator.common.runtime.MultiThreadedEventProcessor$EventProcessorThread)
[2025-12-11 17:29:53,424] INFO [group-coordinator-event-processor-2]: Shutting down. Draining the remaining events. (org.apache.kafka.coordinator.common.runtime.MultiThreadedEventProcessor$EventProcessorThread)
[2025-12-11 17:29:53,424] INFO [group-coordinator-event-processor-2]: Shutdown completed (org.apache.kafka.coordinator.common.runtime.MultiThreadedEventProcessor$EventProcessorThread)
[2025-12-11 17:29:53,425] INFO [GroupCoordinator id=1] Event processor closed. (org.apache.kafka.coordinator.common.runtime.MultiThreadedEventProcessor)
[2025-12-11 17:29:53,437] INFO [GroupCoordinator id=1] Coordinator runtime closed. (org.apache.kafka.coordinator.common.runtime.CoordinatorRuntime)
[2025-12-11 17:29:53,454] INFO [GroupCoordinator id=1] Shutdown complete. (org.apache.kafka.coordinator.group.GroupCoordinatorService)
[2025-12-11 17:29:53,459] INFO [AssignmentsManager id=1]KafkaEventQueue#close: shutting down event queue. (org.apache.kafka.queue.KafkaEventQueue)
[2025-12-11 17:29:53,462] INFO [AssignmentsManager id=1] shutting down. (org.apache.kafka.server.AssignmentsManager)
[2025-12-11 17:29:53,462] INFO [broker-1-to-controller-directory-assignments-channel-manager]: Shutting down (kafka.server.NodeToControllerRequestThread)
[2025-12-11 17:29:53,465] INFO [broker-1-to-controller-directory-assignments-channel-manager]: Stopped (kafka.server.NodeToControllerRequestThread)
[2025-12-11 17:29:53,466] INFO [broker-1-to-controller-directory-assignments-channel-manager]: Shutdown completed (kafka.server.NodeToControllerRequestThread)
[2025-12-11 17:29:53,467] INFO Node to controller channel manager for directory-assignments shutdown (kafka.server.NodeToControllerChannelManagerImpl)
[2025-12-11 17:29:53,468] INFO [AssignmentsManager id=1]closed event queue. (org.apache.kafka.queue.KafkaEventQueue)
[2025-12-11 17:29:53,471] INFO [ReplicaManager broker=1] Shutting down (kafka.server.ReplicaManager)
[2025-12-11 17:29:53,477] INFO [LogDirFailureHandler]: Shutting down (kafka.server.ReplicaManager$LogDirFailureHandler)
[2025-12-11 17:29:53,478] INFO [LogDirFailureHandler]: Stopped (kafka.server.ReplicaManager$LogDirFailureHandler)
[2025-12-11 17:29:53,478] INFO [LogDirFailureHandler]: Shutdown completed (kafka.server.ReplicaManager$LogDirFailureHandler)
[2025-12-11 17:29:53,478] INFO [ReplicaFetcherManager on broker 1] shutting down (kafka.server.ReplicaFetcherManager)
[2025-12-11 17:29:53,488] INFO [ReplicaFetcherManager on broker 1] shutdown completed (kafka.server.ReplicaFetcherManager)
[2025-12-11 17:29:53,488] INFO [ReplicaAlterLogDirsManager on broker 1] shutting down (kafka.server.ReplicaAlterLogDirsManager)
[2025-12-11 17:29:53,493] INFO [ReplicaAlterLogDirsManager on broker 1] shutdown completed (kafka.server.ReplicaAlterLogDirsManager)
[2025-12-11 17:29:53,493] INFO [ExpirationReaper-0-null]: Shutting down (org.apache.kafka.server.purgatory.DelayedOperationPurgatory$ExpiredOperationReaper)
[2025-12-11 17:29:53,497] INFO [ExpirationReaper-0-null]: Stopped (org.apache.kafka.server.purgatory.DelayedOperationPurgatory$ExpiredOperationReaper)
[2025-12-11 17:29:53,498] INFO [ExpirationReaper-0-null]: Shutdown completed (org.apache.kafka.server.purgatory.DelayedOperationPurgatory$ExpiredOperationReaper)
[2025-12-11 17:29:53,499] INFO [ExpirationReaper-0-null]: Shutting down (org.apache.kafka.server.purgatory.DelayedOperationPurgatory$ExpiredOperationReaper)
[2025-12-11 17:29:53,501] INFO [ExpirationReaper-0-null]: Stopped (org.apache.kafka.server.purgatory.DelayedOperationPurgatory$ExpiredOperationReaper)
[2025-12-11 17:29:53,501] INFO [ExpirationReaper-0-null]: Shutdown completed (org.apache.kafka.server.purgatory.DelayedOperationPurgatory$ExpiredOperationReaper)
[2025-12-11 17:29:53,506] INFO [ExpirationReaper-0-null]: Shutting down (org.apache.kafka.server.purgatory.DelayedOperationPurgatory$ExpiredOperationReaper)
[2025-12-11 17:29:53,507] INFO [ExpirationReaper-0-null]: Stopped (org.apache.kafka.server.purgatory.DelayedOperationPurgatory$ExpiredOperationReaper)
[2025-12-11 17:29:53,507] INFO [ExpirationReaper-0-null]: Shutdown completed (org.apache.kafka.server.purgatory.DelayedOperationPurgatory$ExpiredOperationReaper)
[2025-12-11 17:29:53,513] INFO [ExpirationReaper-0-null]: Shutting down (org.apache.kafka.server.purgatory.DelayedOperationPurgatory$ExpiredOperationReaper)
[2025-12-11 17:29:53,514] INFO [ExpirationReaper-0-null]: Stopped (org.apache.kafka.server.purgatory.DelayedOperationPurgatory$ExpiredOperationReaper)
[2025-12-11 17:29:53,516] INFO [ExpirationReaper-0-null]: Shutdown completed (org.apache.kafka.server.purgatory.DelayedOperationPurgatory$ExpiredOperationReaper)
[2025-12-11 17:29:53,516] INFO [ExpirationReaper-0-null]: Shutting down (org.apache.kafka.server.purgatory.DelayedOperationPurgatory$ExpiredOperationReaper)
[2025-12-11 17:29:53,518] INFO [ExpirationReaper-0-null]: Stopped (org.apache.kafka.server.purgatory.DelayedOperationPurgatory$ExpiredOperationReaper)
[2025-12-11 17:29:53,520] INFO [ExpirationReaper-0-null]: Shutdown completed (org.apache.kafka.server.purgatory.DelayedOperationPurgatory$ExpiredOperationReaper)
[2025-12-11 17:29:53,520] INFO [ExpirationReaper-0-null]: Shutting down (org.apache.kafka.server.purgatory.DelayedOperationPurgatory$ExpiredOperationReaper)
[2025-12-11 17:29:53,520] INFO [ExpirationReaper-0-null]: Stopped (org.apache.kafka.server.purgatory.DelayedOperationPurgatory$ExpiredOperationReaper)
[2025-12-11 17:29:53,521] INFO [ExpirationReaper-0-null]: Shutdown completed (org.apache.kafka.server.purgatory.DelayedOperationPurgatory$ExpiredOperationReaper)
[2025-12-11 17:29:53,557] INFO [AddPartitionsToTxnSenderThread-1]: Shutting down (kafka.server.AddPartitionsToTxnManager)
[2025-12-11 17:29:53,558] INFO [AddPartitionsToTxnSenderThread-1]: Stopped (kafka.server.AddPartitionsToTxnManager)
[2025-12-11 17:29:53,559] INFO [AddPartitionsToTxnSenderThread-1]: Shutdown completed (kafka.server.AddPartitionsToTxnManager)
[2025-12-11 17:29:53,559] INFO [ReplicaManager broker=1] Shut down completely (kafka.server.ReplicaManager)
[2025-12-11 17:29:53,564] INFO [broker-1-to-controller-alter-partition-channel-manager]: Shutting down (kafka.server.NodeToControllerRequestThread)
[2025-12-11 17:29:53,568] INFO [broker-1-to-controller-alter-partition-channel-manager]: Stopped (kafka.server.NodeToControllerRequestThread)
[2025-12-11 17:29:53,569] INFO [broker-1-to-controller-alter-partition-channel-manager]: Shutdown completed (kafka.server.NodeToControllerRequestThread)
[2025-12-11 17:29:53,570] INFO Node to controller channel manager for alter-partition shutdown (kafka.server.NodeToControllerChannelManagerImpl)
[2025-12-11 17:29:53,576] INFO [broker-1-to-controller-forwarding-channel-manager]: Shutting down (kafka.server.NodeToControllerRequestThread)
[2025-12-11 17:29:53,580] INFO [broker-1-to-controller-forwarding-channel-manager]: Shutdown completed (kafka.server.NodeToControllerRequestThread)
[2025-12-11 17:29:53,580] INFO [broker-1-to-controller-forwarding-channel-manager]: Stopped (kafka.server.NodeToControllerRequestThread)
[2025-12-11 17:29:53,581] INFO Node to controller channel manager for forwarding shutdown (kafka.server.NodeToControllerChannelManagerImpl)
[2025-12-11 17:29:53,587] INFO Shutting down. (kafka.log.LogManager)
[2025-12-11 17:29:53,608] INFO [kafka-log-cleaner-thread-0]: Shutting down (kafka.log.LogCleaner$CleanerThread)
[2025-12-11 17:29:53,608] INFO [kafka-log-cleaner-thread-0]: Stopped (kafka.log.LogCleaner$CleanerThread)
[2025-12-11 17:29:53,612] INFO [kafka-log-cleaner-thread-0]: Shutdown completed (kafka.log.LogCleaner$CleanerThread)
[2025-12-11 17:29:53,750] INFO [ProducerStateManager partition=__consumer_offsets-0] Wrote producer snapshot at offset 4508 with 0 producer ids in 13 ms. (org.apache.kafka.storage.internals.log.ProducerStateManager)
[2025-12-11 17:29:53,933] INFO [ProducerStateManager partition=water_bottle.sensor-0] Wrote producer snapshot at offset 4459 with 0 producer ids in 6 ms. (org.apache.kafka.storage.internals.log.ProducerStateManager)
[2025-12-11 17:29:54,140] INFO Shutdown complete. (kafka.log.LogManager)
[2025-12-11 17:29:54,140] INFO [broker-1-ThrottledChannelReaper-Fetch]: Shutting down (kafka.server.ClientQuotaManager$ThrottledChannelReaper)
[2025-12-11 17:29:54,152] INFO [broker-1-ThrottledChannelReaper-Fetch]: Stopped (kafka.server.ClientQuotaManager$ThrottledChannelReaper)
[2025-12-11 17:29:54,153] INFO [broker-1-ThrottledChannelReaper-Fetch]: Shutdown completed (kafka.server.ClientQuotaManager$ThrottledChannelReaper)
[2025-12-11 17:29:54,153] INFO [broker-1-ThrottledChannelReaper-Produce]: Shutting down (kafka.server.ClientQuotaManager$ThrottledChannelReaper)
[2025-12-11 17:29:54,153] INFO [broker-1-ThrottledChannelReaper-Produce]: Stopped (kafka.server.ClientQuotaManager$ThrottledChannelReaper)
[2025-12-11 17:29:54,153] INFO [broker-1-ThrottledChannelReaper-Produce]: Shutdown completed (kafka.server.ClientQuotaManager$ThrottledChannelReaper)
[2025-12-11 17:29:54,153] INFO [broker-1-ThrottledChannelReaper-Request]: Shutting down (kafka.server.ClientQuotaManager$ThrottledChannelReaper)
[2025-12-11 17:29:54,153] INFO [broker-1-ThrottledChannelReaper-Request]: Stopped (kafka.server.ClientQuotaManager$ThrottledChannelReaper)
[2025-12-11 17:29:54,153] INFO [broker-1-ThrottledChannelReaper-Request]: Shutdown completed (kafka.server.ClientQuotaManager$ThrottledChannelReaper)
[2025-12-11 17:29:54,153] INFO [broker-1-ThrottledChannelReaper-ControllerMutation]: Shutting down (kafka.server.ClientQuotaManager$ThrottledChannelReaper)
[2025-12-11 17:29:54,153] INFO [broker-1-ThrottledChannelReaper-ControllerMutation]: Stopped (kafka.server.ClientQuotaManager$ThrottledChannelReaper)
[2025-12-11 17:29:54,153] INFO [broker-1-ThrottledChannelReaper-ControllerMutation]: Shutdown completed (kafka.server.ClientQuotaManager$ThrottledChannelReaper)
[2025-12-11 17:29:54,155] INFO [SocketServer listenerType=BROKER, nodeId=1] Shutting down socket server (kafka.network.SocketServer)
[2025-12-11 17:29:54,264] INFO [SocketServer listenerType=BROKER, nodeId=1] Shutdown completed (kafka.network.SocketServer)
[2025-12-11 17:29:54,265] INFO Broker and topic stats closed (org.apache.kafka.storage.log.metrics.BrokerTopicStats)
[2025-12-11 17:29:54,265] INFO [share-group-lock-timeout-reaper]: Shutting down (org.apache.kafka.server.util.timer.SystemTimerReaper$Reaper)
[2025-12-11 17:29:54,269] INFO [share-group-lock-timeout-reaper]: Stopped (org.apache.kafka.server.util.timer.SystemTimerReaper$Reaper)
[2025-12-11 17:29:54,270] INFO [share-group-lock-timeout-reaper]: Shutdown completed (org.apache.kafka.server.util.timer.SystemTimerReaper$Reaper)
[2025-12-11 17:29:54,270] INFO [BrokerLifecycleManager id=1] closed event queue. (org.apache.kafka.queue.KafkaEventQueue)
[2025-12-11 17:29:54,270] INFO [client-metrics-reaper]: Shutting down (org.apache.kafka.server.util.timer.SystemTimerReaper$Reaper)
[2025-12-11 17:29:54,274] INFO [client-metrics-reaper]: Stopped (org.apache.kafka.server.util.timer.SystemTimerReaper$Reaper)
[2025-12-11 17:29:54,274] INFO [client-metrics-reaper]: Shutdown completed (org.apache.kafka.server.util.timer.SystemTimerReaper$Reaper)
[2025-12-11 17:29:54,279] INFO [BrokerServer id=1] shut down completed (kafka.server.BrokerServer)
[2025-12-11 17:29:54,279] INFO [BrokerServer id=1] Transition from SHUTTING_DOWN to SHUTDOWN (kafka.server.BrokerServer)
[2025-12-11 17:29:54,279] INFO [ControllerServer id=1] shutting down (kafka.server.ControllerServer)
[2025-12-11 17:29:54,285] INFO [raft-expiration-reaper]: Shutting down (kafka.raft.TimingWheelExpirationService$ExpiredOperationReaper)
[2025-12-11 17:29:54,290] INFO [raft-expiration-reaper]: Stopped (kafka.raft.TimingWheelExpirationService$ExpiredOperationReaper)
[2025-12-11 17:29:54,291] INFO [raft-expiration-reaper]: Shutdown completed (kafka.raft.TimingWheelExpirationService$ExpiredOperationReaper)
[2025-12-11 17:29:54,293] INFO [kafka-1-raft-io-thread]: Shutting down (org.apache.kafka.raft.KafkaRaftClientDriver)
[2025-12-11 17:29:54,293] INFO [RaftManager id=1] Beginning graceful shutdown (org.apache.kafka.raft.KafkaRaftClient)
[2025-12-11 17:29:54,295] INFO [RaftManager id=1] Graceful shutdown completed (org.apache.kafka.raft.KafkaRaftClient)
[2025-12-11 17:29:54,295] INFO [kafka-1-raft-io-thread]: Stopped (org.apache.kafka.raft.KafkaRaftClientDriver)
[2025-12-11 17:29:54,296] INFO [RaftManager id=1] Completed graceful shutdown of RaftClient (org.apache.kafka.raft.KafkaRaftClientDriver)
[2025-12-11 17:29:54,296] INFO [kafka-1-raft-io-thread]: Shutdown completed (org.apache.kafka.raft.KafkaRaftClientDriver)
[2025-12-11 17:29:54,306] INFO [kafka-1-raft-outbound-request-thread]: Shutting down (org.apache.kafka.raft.KafkaNetworkChannel$SendThread)
[2025-12-11 17:29:54,308] INFO [kafka-1-raft-outbound-request-thread]: Stopped (org.apache.kafka.raft.KafkaNetworkChannel$SendThread)
[2025-12-11 17:29:54,309] INFO [kafka-1-raft-outbound-request-thread]: Shutdown completed (org.apache.kafka.raft.KafkaNetworkChannel$SendThread)
[2025-12-11 17:29:54,316] INFO [ProducerStateManager partition=__cluster_metadata-0] Wrote producer snapshot at offset 196220 with 0 producer ids in 7 ms. (org.apache.kafka.storage.internals.log.ProducerStateManager)
[2025-12-11 17:29:54,330] INFO [ControllerRegistrationManager id=1 incarnation=9YXBULn3Qt2HaR_iBS4bLg] beginShutdown: shutting down event queue. (org.apache.kafka.queue.KafkaEventQueue)
[2025-12-11 17:29:54,333] INFO [ControllerRegistrationManager id=1 incarnation=9YXBULn3Qt2HaR_iBS4bLg] shutting down. (kafka.server.ControllerRegistrationManager)
[2025-12-11 17:29:54,333] INFO [controller-1-to-controller-registration-channel-manager]: Shutting down (kafka.server.NodeToControllerRequestThread)
[2025-12-11 17:29:54,333] INFO [controller-1-to-controller-registration-channel-manager]: Shutdown completed (kafka.server.NodeToControllerRequestThread)
[2025-12-11 17:29:54,334] INFO [controller-1-to-controller-registration-channel-manager]: Stopped (kafka.server.NodeToControllerRequestThread)
[2025-12-11 17:29:54,335] INFO Node to controller channel manager for registration shutdown (kafka.server.NodeToControllerChannelManagerImpl)
[2025-12-11 17:29:54,335] INFO [ControllerRegistrationManager id=1 incarnation=9YXBULn3Qt2HaR_iBS4bLg] closed event queue. (org.apache.kafka.queue.KafkaEventQueue)
[2025-12-11 17:29:54,335] INFO [controller-1-to-controller-registration-channel-manager]: Shutdown completed (kafka.server.NodeToControllerRequestThread)
[2025-12-11 17:29:54,335] WARN [NodeToControllerChannelManager id=1 name=registration] Attempting to close NetworkClient that has already been closed. (org.apache.kafka.clients.NetworkClient)
[2025-12-11 17:29:54,335] INFO Node to controller channel manager for registration shutdown (kafka.server.NodeToControllerChannelManagerImpl)
[2025-12-11 17:29:54,338] INFO [ControllerRegistrationManager id=1 incarnation=9YXBULn3Qt2HaR_iBS4bLg] closed event queue. (org.apache.kafka.queue.KafkaEventQueue)
[2025-12-11 17:29:54,339] INFO [SocketServer listenerType=CONTROLLER, nodeId=1] Stopping socket server request processors (kafka.network.SocketServer)
[2025-12-11 17:29:54,350] INFO [SocketServer listenerType=CONTROLLER, nodeId=1] Stopped socket server request processors (kafka.network.SocketServer)
[2025-12-11 17:29:54,350] INFO [QuorumController id=1] QuorumController#beginShutdown: shutting down event queue. (org.apache.kafka.queue.KafkaEventQueue)
[2025-12-11 17:29:54,352] INFO [SocketServer listenerType=CONTROLLER, nodeId=1] Shutting down socket server (kafka.network.SocketServer)
[2025-12-11 17:29:54,364] INFO [SocketServer listenerType=CONTROLLER, nodeId=1] Shutdown completed (kafka.network.SocketServer)
[2025-12-11 17:29:54,364] INFO [data-plane Kafka Request Handler on Broker 1], shutting down (kafka.server.KafkaRequestHandlerPool)
[2025-12-11 17:29:54,366] INFO [data-plane Kafka Request Handler on Broker 1], shut down completely (kafka.server.KafkaRequestHandlerPool)
[2025-12-11 17:29:54,367] INFO [ExpirationReaper-0-null]: Shutting down (org.apache.kafka.server.purgatory.DelayedOperationPurgatory$ExpiredOperationReaper)
[2025-12-11 17:29:54,368] INFO [ExpirationReaper-0-null]: Stopped (org.apache.kafka.server.purgatory.DelayedOperationPurgatory$ExpiredOperationReaper)
[2025-12-11 17:29:54,368] INFO [ExpirationReaper-0-null]: Shutdown completed (org.apache.kafka.server.purgatory.DelayedOperationPurgatory$ExpiredOperationReaper)
[2025-12-11 17:29:54,370] INFO [controller-1-ThrottledChannelReaper-Fetch]: Shutting down (kafka.server.ClientQuotaManager$ThrottledChannelReaper)
[2025-12-11 17:29:54,371] INFO [controller-1-ThrottledChannelReaper-Fetch]: Stopped (kafka.server.ClientQuotaManager$ThrottledChannelReaper)
[2025-12-11 17:29:54,372] INFO [controller-1-ThrottledChannelReaper-Fetch]: Shutdown completed (kafka.server.ClientQuotaManager$ThrottledChannelReaper)
[2025-12-11 17:29:54,372] INFO [controller-1-ThrottledChannelReaper-Produce]: Shutting down (kafka.server.ClientQuotaManager$ThrottledChannelReaper)
[2025-12-11 17:29:54,372] INFO [controller-1-ThrottledChannelReaper-Produce]: Stopped (kafka.server.ClientQuotaManager$ThrottledChannelReaper)
[2025-12-11 17:29:54,372] INFO [controller-1-ThrottledChannelReaper-Produce]: Shutdown completed (kafka.server.ClientQuotaManager$ThrottledChannelReaper)
[2025-12-11 17:29:54,372] INFO [controller-1-ThrottledChannelReaper-Request]: Shutting down (kafka.server.ClientQuotaManager$ThrottledChannelReaper)
[2025-12-11 17:29:54,372] INFO [controller-1-ThrottledChannelReaper-Request]: Stopped (kafka.server.ClientQuotaManager$ThrottledChannelReaper)
[2025-12-11 17:29:54,372] INFO [controller-1-ThrottledChannelReaper-Request]: Shutdown completed (kafka.server.ClientQuotaManager$ThrottledChannelReaper)
[2025-12-11 17:29:54,372] INFO [controller-1-ThrottledChannelReaper-ControllerMutation]: Shutting down (kafka.server.ClientQuotaManager$ThrottledChannelReaper)
[2025-12-11 17:29:54,372] INFO [controller-1-ThrottledChannelReaper-ControllerMutation]: Stopped (kafka.server.ClientQuotaManager$ThrottledChannelReaper)
[2025-12-11 17:29:54,372] INFO [controller-1-ThrottledChannelReaper-ControllerMutation]: Shutdown completed (kafka.server.ClientQuotaManager$ThrottledChannelReaper)
[2025-12-11 17:29:54,372] INFO [QuorumController id=1] closed event queue. (org.apache.kafka.queue.KafkaEventQueue)
[2025-12-11 17:29:54,378] INFO [SharedServer id=1] Stopping SharedServer (kafka.server.SharedServer)
[2025-12-11 17:29:54,380] INFO [MetadataLoader id=1] beginShutdown: shutting down event queue. (org.apache.kafka.queue.KafkaEventQueue)
[2025-12-11 17:29:54,381] INFO [SnapshotGenerator id=1] close: shutting down event queue. (org.apache.kafka.queue.KafkaEventQueue)
[2025-12-11 17:29:54,381] INFO [SnapshotGenerator id=1] closed event queue. (org.apache.kafka.queue.KafkaEventQueue)
[2025-12-11 17:29:54,382] INFO [MetadataLoader id=1] closed event queue. (org.apache.kafka.queue.KafkaEventQueue)
[2025-12-11 17:29:54,384] INFO [SnapshotGenerator id=1] closed event queue. (org.apache.kafka.queue.KafkaEventQueue)
[2025-12-11 17:29:54,387] INFO Metrics scheduler closed (org.apache.kafka.common.metrics.Metrics)
[2025-12-11 17:29:54,387] INFO Closing reporter org.apache.kafka.common.metrics.JmxReporter (org.apache.kafka.common.metrics.Metrics)
[2025-12-11 17:29:54,389] INFO Metrics reporters closed (org.apache.kafka.common.metrics.Metrics)
[2025-12-11 17:29:54,392] INFO App info kafka.server for 1 unregistered (org.apache.kafka.common.utils.AppInfoParser)
[2025-12-11 17:29:54,397] INFO App info kafka.server for 1 unregistered (org.apache.kafka.common.utils.AppInfoParser)
