[2025-12-11 17:29:52,936] INFO [Broker id=1] Transitioning 52 partition(s) to local followers. (state.change.logger)
[2025-12-11 17:29:52,975] INFO [Broker id=1] Follower __consumer_offsets-13 starts at leader epoch 9 from offset 0 with partition epoch 9 and high watermark 0. Current leader is -1. Previous leader Some(-1) and previous leader epoch was 9. (state.change.logger)
[2025-12-11 17:29:52,975] INFO [Broker id=1] Follower __consumer_offsets-46 starts at leader epoch 9 from offset 0 with partition epoch 9 and high watermark 0. Current leader is -1. Previous leader Some(-1) and previous leader epoch was 9. (state.change.logger)
[2025-12-11 17:29:52,975] INFO [Broker id=1] Follower __consumer_offsets-9 starts at leader epoch 9 from offset 0 with partition epoch 9 and high watermark 0. Current leader is -1. Previous leader Some(-1) and previous leader epoch was 9. (state.change.logger)
[2025-12-11 17:29:52,975] INFO [Broker id=1] Follower __consumer_offsets-42 starts at leader epoch 9 from offset 0 with partition epoch 9 and high watermark 0. Current leader is -1. Previous leader Some(-1) and previous leader epoch was 9. (state.change.logger)
[2025-12-11 17:29:52,975] INFO [Broker id=1] Follower __consumer_offsets-21 starts at leader epoch 9 from offset 0 with partition epoch 9 and high watermark 0. Current leader is -1. Previous leader Some(-1) and previous leader epoch was 9. (state.change.logger)
[2025-12-11 17:29:52,975] INFO [Broker id=1] Follower __consumer_offsets-17 starts at leader epoch 9 from offset 0 with partition epoch 9 and high watermark 0. Current leader is -1. Previous leader Some(-1) and previous leader epoch was 9. (state.change.logger)
[2025-12-11 17:29:52,975] INFO [Broker id=1] Follower __consumer_offsets-30 starts at leader epoch 9 from offset 0 with partition epoch 9 and high watermark 0. Current leader is -1. Previous leader Some(-1) and previous leader epoch was 9. (state.change.logger)
[2025-12-11 17:29:52,975] INFO [Broker id=1] Follower __consumer_offsets-26 starts at leader epoch 9 from offset 0 with partition epoch 9 and high watermark 0. Current leader is -1. Previous leader Some(-1) and previous leader epoch was 9. (state.change.logger)
[2025-12-11 17:29:52,976] INFO [Broker id=1] Follower __consumer_offsets-5 starts at leader epoch 9 from offset 0 with partition epoch 9 and high watermark 0. Current leader is -1. Previous leader Some(-1) and previous leader epoch was 9. (state.change.logger)
[2025-12-11 17:29:52,976] INFO [Broker id=1] Follower __consumer_offsets-38 starts at leader epoch 9 from offset 0 with partition epoch 9 and high watermark 0. Current leader is -1. Previous leader Some(-1) and previous leader epoch was 9. (state.change.logger)
[2025-12-11 17:29:52,981] INFO [Broker id=1] Follower __consumer_offsets-1 starts at leader epoch 9 from offset 0 with partition epoch 9 and high watermark 0. Current leader is -1. Previous leader Some(-1) and previous leader epoch was 9. (state.change.logger)
[2025-12-11 17:29:52,981] INFO [Broker id=1] Follower __consumer_offsets-34 starts at leader epoch 9 from offset 0 with partition epoch 9 and high watermark 0. Current leader is -1. Previous leader Some(-1) and previous leader epoch was 9. (state.change.logger)
[2025-12-11 17:29:52,981] INFO [Broker id=1] Follower __consumer_offsets-16 starts at leader epoch 9 from offset 0 with partition epoch 9 and high watermark 0. Current leader is -1. Previous leader Some(-1) and previous leader epoch was 9. (state.change.logger)
[2025-12-11 17:29:52,981] INFO [Broker id=1] Follower __consumer_offsets-45 starts at leader epoch 9 from offset 0 with partition epoch 9 and high watermark 0. Current leader is -1. Previous leader Some(-1) and previous leader epoch was 9. (state.change.logger)
[2025-12-11 17:29:52,981] INFO [Broker id=1] Follower __consumer_offsets-12 starts at leader epoch 9 from offset 0 with partition epoch 9 and high watermark 0. Current leader is -1. Previous leader Some(-1) and previous leader epoch was 9. (state.change.logger)
[2025-12-11 17:29:52,981] INFO [Broker id=1] Follower __consumer_offsets-41 starts at leader epoch 9 from offset 0 with partition epoch 9 and high watermark 0. Current leader is -1. Previous leader Some(-1) and previous leader epoch was 9. (state.change.logger)
[2025-12-11 17:29:52,981] INFO [Broker id=1] Follower __consumer_offsets-24 starts at leader epoch 9 from offset 0 with partition epoch 9 and high watermark 0. Current leader is -1. Previous leader Some(-1) and previous leader epoch was 9. (state.change.logger)
[2025-12-11 17:29:52,981] INFO [Broker id=1] Follower __consumer_offsets-20 starts at leader epoch 9 from offset 0 with partition epoch 9 and high watermark 0. Current leader is -1. Previous leader Some(-1) and previous leader epoch was 9. (state.change.logger)
[2025-12-11 17:29:52,981] INFO [Broker id=1] Follower __consumer_offsets-49 starts at leader epoch 9 from offset 0 with partition epoch 9 and high watermark 0. Current leader is -1. Previous leader Some(-1) and previous leader epoch was 9. (state.change.logger)
[2025-12-11 17:29:52,981] INFO [Broker id=1] Follower __consumer_offsets-0 starts at leader epoch 9 from offset 4508 with partition epoch 9 and high watermark 4508. Current leader is -1. Previous leader Some(-1) and previous leader epoch was 9. (state.change.logger)
[2025-12-11 17:29:52,981] INFO [Broker id=1] Follower __consumer_offsets-29 starts at leader epoch 9 from offset 0 with partition epoch 9 and high watermark 0. Current leader is -1. Previous leader Some(-1) and previous leader epoch was 9. (state.change.logger)
[2025-12-11 17:29:52,981] INFO [Broker id=1] Follower __consumer_offsets-25 starts at leader epoch 9 from offset 0 with partition epoch 9 and high watermark 0. Current leader is -1. Previous leader Some(-1) and previous leader epoch was 9. (state.change.logger)
[2025-12-11 17:29:52,981] INFO [Broker id=1] Follower ledcommand-0 starts at leader epoch 9 from offset 0 with partition epoch 9 and high watermark 0. Current leader is -1. Previous leader Some(-1) and previous leader epoch was 9. (state.change.logger)
[2025-12-11 17:29:52,981] INFO [Broker id=1] Follower __consumer_offsets-8 starts at leader epoch 9 from offset 0 with partition epoch 9 and high watermark 0. Current leader is -1. Previous leader Some(-1) and previous leader epoch was 9. (state.change.logger)
[2025-12-11 17:29:52,989] INFO [Broker id=1] Follower __consumer_offsets-37 starts at leader epoch 9 from offset 0 with partition epoch 9 and high watermark 0. Current leader is -1. Previous leader Some(-1) and previous leader epoch was 9. (state.change.logger)
[2025-12-11 17:29:52,989] INFO [Broker id=1] Follower __consumer_offsets-4 starts at leader epoch 9 from offset 0 with partition epoch 9 and high watermark 0. Current leader is -1. Previous leader Some(-1) and previous leader epoch was 9. (state.change.logger)
[2025-12-11 17:29:52,989] INFO [Broker id=1] Follower __consumer_offsets-33 starts at leader epoch 9 from offset 0 with partition epoch 9 and high watermark 0. Current leader is -1. Previous leader Some(-1) and previous leader epoch was 9. (state.change.logger)
[2025-12-11 17:29:52,989] INFO [Broker id=1] Follower __consumer_offsets-15 starts at leader epoch 9 from offset 0 with partition epoch 9 and high watermark 0. Current leader is -1. Previous leader Some(-1) and previous leader epoch was 9. (state.change.logger)
[2025-12-11 17:29:52,989] INFO [Broker id=1] Follower __consumer_offsets-48 starts at leader epoch 9 from offset 0 with partition epoch 9 and high watermark 0. Current leader is -1. Previous leader Some(-1) and previous leader epoch was 9. (state.change.logger)
[2025-12-11 17:29:52,989] INFO [Broker id=1] Follower __consumer_offsets-11 starts at leader epoch 9 from offset 0 with partition epoch 9 and high watermark 0. Current leader is -1. Previous leader Some(-1) and previous leader epoch was 9. (state.change.logger)
[2025-12-11 17:29:52,989] INFO [Broker id=1] Follower __consumer_offsets-44 starts at leader epoch 9 from offset 0 with partition epoch 9 and high watermark 0. Current leader is -1. Previous leader Some(-1) and previous leader epoch was 9. (state.change.logger)
[2025-12-11 17:29:52,994] INFO [Broker id=1] Follower __consumer_offsets-23 starts at leader epoch 9 from offset 0 with partition epoch 9 and high watermark 0. Current leader is -1. Previous leader Some(-1) and previous leader epoch was 9. (state.change.logger)
[2025-12-11 17:29:52,994] INFO [Broker id=1] Follower __consumer_offsets-19 starts at leader epoch 9 from offset 0 with partition epoch 9 and high watermark 0. Current leader is -1. Previous leader Some(-1) and previous leader epoch was 9. (state.change.logger)
[2025-12-11 17:29:52,994] INFO [Broker id=1] Follower __consumer_offsets-32 starts at leader epoch 9 from offset 0 with partition epoch 9 and high watermark 0. Current leader is -1. Previous leader Some(-1) and previous leader epoch was 9. (state.change.logger)
[2025-12-11 17:29:52,994] INFO [Broker id=1] Follower __consumer_offsets-28 starts at leader epoch 9 from offset 0 with partition epoch 9 and high watermark 0. Current leader is -1. Previous leader Some(-1) and previous leader epoch was 9. (state.change.logger)
[2025-12-11 17:29:52,994] INFO [Broker id=1] Follower water_bottle.sensor-0 starts at leader epoch 9 from offset 4459 with partition epoch 9 and high watermark 4459. Current leader is -1. Previous leader Some(-1) and previous leader epoch was 9. (state.change.logger)
[2025-12-11 17:29:52,994] INFO [Broker id=1] Follower __consumer_offsets-7 starts at leader epoch 9 from offset 0 with partition epoch 9 and high watermark 0. Current leader is -1. Previous leader Some(-1) and previous leader epoch was 9. (state.change.logger)
[2025-12-11 17:29:52,995] INFO [Broker id=1] Follower __consumer_offsets-40 starts at leader epoch 9 from offset 0 with partition epoch 9 and high watermark 0. Current leader is -1. Previous leader Some(-1) and previous leader epoch was 9. (state.change.logger)
[2025-12-11 17:29:52,995] INFO [Broker id=1] Follower __consumer_offsets-3 starts at leader epoch 9 from offset 0 with partition epoch 9 and high watermark 0. Current leader is -1. Previous leader Some(-1) and previous leader epoch was 9. (state.change.logger)
[2025-12-11 17:29:52,995] INFO [Broker id=1] Follower __consumer_offsets-36 starts at leader epoch 9 from offset 0 with partition epoch 9 and high watermark 0. Current leader is -1. Previous leader Some(-1) and previous leader epoch was 9. (state.change.logger)
[2025-12-11 17:29:52,995] INFO [Broker id=1] Follower __consumer_offsets-47 starts at leader epoch 9 from offset 0 with partition epoch 9 and high watermark 0. Current leader is -1. Previous leader Some(-1) and previous leader epoch was 9. (state.change.logger)
[2025-12-11 17:29:52,995] INFO [Broker id=1] Follower __consumer_offsets-14 starts at leader epoch 9 from offset 0 with partition epoch 9 and high watermark 0. Current leader is -1. Previous leader Some(-1) and previous leader epoch was 9. (state.change.logger)
[2025-12-11 17:29:52,995] INFO [Broker id=1] Follower __consumer_offsets-43 starts at leader epoch 9 from offset 0 with partition epoch 9 and high watermark 0. Current leader is -1. Previous leader Some(-1) and previous leader epoch was 9. (state.change.logger)
[2025-12-11 17:29:52,995] INFO [Broker id=1] Follower __consumer_offsets-10 starts at leader epoch 9 from offset 0 with partition epoch 9 and high watermark 0. Current leader is -1. Previous leader Some(-1) and previous leader epoch was 9. (state.change.logger)
[2025-12-11 17:29:52,995] INFO [Broker id=1] Follower __consumer_offsets-22 starts at leader epoch 9 from offset 0 with partition epoch 9 and high watermark 0. Current leader is -1. Previous leader Some(-1) and previous leader epoch was 9. (state.change.logger)
[2025-12-11 17:29:52,995] INFO [Broker id=1] Follower __consumer_offsets-18 starts at leader epoch 9 from offset 0 with partition epoch 9 and high watermark 0. Current leader is -1. Previous leader Some(-1) and previous leader epoch was 9. (state.change.logger)
[2025-12-11 17:29:52,995] INFO [Broker id=1] Follower __consumer_offsets-31 starts at leader epoch 9 from offset 0 with partition epoch 9 and high watermark 0. Current leader is -1. Previous leader Some(-1) and previous leader epoch was 9. (state.change.logger)
[2025-12-11 17:29:52,995] INFO [Broker id=1] Follower __consumer_offsets-27 starts at leader epoch 9 from offset 0 with partition epoch 9 and high watermark 0. Current leader is -1. Previous leader Some(-1) and previous leader epoch was 9. (state.change.logger)
[2025-12-11 17:29:52,995] INFO [Broker id=1] Follower __consumer_offsets-39 starts at leader epoch 9 from offset 0 with partition epoch 9 and high watermark 0. Current leader is -1. Previous leader Some(-1) and previous leader epoch was 9. (state.change.logger)
[2025-12-11 17:29:52,995] INFO [Broker id=1] Follower __consumer_offsets-6 starts at leader epoch 9 from offset 0 with partition epoch 9 and high watermark 0. Current leader is -1. Previous leader Some(-1) and previous leader epoch was 9. (state.change.logger)
[2025-12-11 17:29:52,995] INFO [Broker id=1] Follower __consumer_offsets-35 starts at leader epoch 9 from offset 0 with partition epoch 9 and high watermark 0. Current leader is -1. Previous leader Some(-1) and previous leader epoch was 9. (state.change.logger)
[2025-12-11 17:29:52,995] INFO [Broker id=1] Follower __consumer_offsets-2 starts at leader epoch 9 from offset 0 with partition epoch 9 and high watermark 0. Current leader is -1. Previous leader Some(-1) and previous leader epoch was 9. (state.change.logger)
[2025-12-11 17:29:53,056] INFO [Broker id=1] Stopped fetchers as part of controlled shutdown for 52 partitions (state.change.logger)
